<?xml version="1.0" encoding="UTF-8"?>
<robot generator="Robot 6.0.1 (Python 3.9.6 on win32)" generated="20221118 17:07:15.842" rpa="false" schemaversion="3">
<suite id="s1" name="Amazon" source="C:\Users\osatam\learning\python\Robot framework\robot-scripts\amazon">
<suite id="s1-s1" name="Tests" source="C:\Users\osatam\learning\python\Robot framework\robot-scripts\amazon\Tests">
<suite id="s1-s1-s1" name="Searchresults" source="C:\Users\osatam\learning\python\Robot framework\robot-scripts\amazon\Tests\searchresults.robot">
<test id="s1-s1-s1-t1" name="Verify Default Filter Applied is Featured" line="17">
<kw name="Begin Web Test" library="Common" type="SETUP">
<kw name="Open Browser" library="SeleniumLibrary">
<arg>about:blank</arg>
<arg>${Browser}</arg>
<doc>Opens a new browser instance to the optional ``url``.</doc>
<msg timestamp="20221118 17:07:16.465" level="INFO">Opening browser 'chrome' to base url 'about:blank'.</msg>
<status status="PASS" starttime="20221118 17:07:16.463" endtime="20221118 17:07:20.096"/>
</kw>
<kw name="Maximize Browser Window" library="SeleniumLibrary">
<doc>Maximizes current browser window.</doc>
<status status="PASS" starttime="20221118 17:07:20.097" endtime="20221118 17:07:20.229"/>
</kw>
<status status="PASS" starttime="20221118 17:07:16.463" endtime="20221118 17:07:20.229"/>
</kw>
<kw name="Open Application" library="Amazon">
<kw name="Load" library="LandingPage">
<kw name="Go To" library="SeleniumLibrary">
<arg>${AmazonLink}</arg>
<doc>Navigates the current browser window to the provided ``url``.</doc>
<msg timestamp="20221118 17:07:20.234" level="INFO">Opening url 'https://amazon.in/'</msg>
<status status="PASS" starttime="20221118 17:07:20.233" endtime="20221118 17:07:24.166"/>
</kw>
<status status="PASS" starttime="20221118 17:07:20.231" endtime="20221118 17:07:24.167"/>
</kw>
<status status="PASS" starttime="20221118 17:07:20.230" endtime="20221118 17:07:24.168"/>
</kw>
<kw name="Search For Product" library="Amazon">
<kw name="Search For Product" library="Search">
<kw name="Input Text" library="SeleniumLibrary">
<arg>id=twotabsearchtextbox</arg>
<arg>${SearchTerm}</arg>
<doc>Types the given ``text`` into the text field identified by ``locator``.</doc>
<msg timestamp="20221118 17:07:24.176" level="INFO">Typing text 'TV' into text field 'id=twotabsearchtextbox'.</msg>
<status status="PASS" starttime="20221118 17:07:24.174" endtime="20221118 17:07:24.730"/>
</kw>
<kw name="Click Button" library="SeleniumLibrary">
<arg>id=nav-search-submit-button</arg>
<doc>Clicks the button identified by ``locator``.</doc>
<msg timestamp="20221118 17:07:24.733" level="INFO">Clicking button 'id=nav-search-submit-button'.</msg>
<status status="PASS" starttime="20221118 17:07:24.731" endtime="20221118 17:07:27.435"/>
</kw>
<status status="PASS" starttime="20221118 17:07:24.172" endtime="20221118 17:07:27.435"/>
</kw>
<kw name="Verify Search Results" library="Resultpage">
<kw name="Wait Until Page Contains" library="SeleniumLibrary">
<arg>${searchResults}</arg>
<doc>Waits until ``text`` appears on the current page.</doc>
<status status="PASS" starttime="20221118 17:07:27.438" endtime="20221118 17:07:27.526"/>
</kw>
<status status="PASS" starttime="20221118 17:07:27.436" endtime="20221118 17:07:27.527"/>
</kw>
<status status="PASS" starttime="20221118 17:07:24.169" endtime="20221118 17:07:27.528"/>
</kw>
<kw name="Verify Default Sort by Feature" library="Resultpage">
<kw name="Element Text Should Be" library="SeleniumLibrary">
<arg>css=#a-autoid-0-announce &gt; span.a-dropdown-prompt</arg>
<arg>Featured</arg>
<doc>Verifies that element ``locator`` contains exact the text ``expected``.</doc>
<msg timestamp="20221118 17:07:27.530" level="INFO">Verifying element 'css=#a-autoid-0-announce &gt; span.a-dropdown-prompt' contains exact text 'Featured'.</msg>
<status status="PASS" starttime="20221118 17:07:27.528" endtime="20221118 17:07:27.869"/>
</kw>
<status status="PASS" starttime="20221118 17:07:27.528" endtime="20221118 17:07:27.870"/>
</kw>
<kw name="End Web Test" library="Common" type="TEARDOWN">
<kw name="Close All Browsers" library="SeleniumLibrary">
<doc>Closes all open browsers and resets the browser cache.</doc>
<status status="PASS" starttime="20221118 17:07:27.878" endtime="20221118 17:07:34.483"/>
</kw>
<status status="PASS" starttime="20221118 17:07:27.875" endtime="20221118 17:07:34.484"/>
</kw>
<status status="PASS" starttime="20221118 17:07:16.461" endtime="20221118 17:07:34.485"/>
</test>
<test id="s1-s1-s1-t2" name="Verify Price Low To High Filter Working Correctly" line="21">
<kw name="Begin Web Test" library="Common" type="SETUP">
<kw name="Open Browser" library="SeleniumLibrary">
<arg>about:blank</arg>
<arg>${Browser}</arg>
<doc>Opens a new browser instance to the optional ``url``.</doc>
<msg timestamp="20221118 17:07:34.493" level="INFO">Opening browser 'chrome' to base url 'about:blank'.</msg>
<status status="PASS" starttime="20221118 17:07:34.492" endtime="20221118 17:07:36.591"/>
</kw>
<kw name="Maximize Browser Window" library="SeleniumLibrary">
<doc>Maximizes current browser window.</doc>
<status status="PASS" starttime="20221118 17:07:36.592" endtime="20221118 17:07:36.739"/>
</kw>
<status status="PASS" starttime="20221118 17:07:34.491" endtime="20221118 17:07:36.742"/>
</kw>
<kw name="Open Application" library="Amazon">
<kw name="Load" library="LandingPage">
<kw name="Go To" library="SeleniumLibrary">
<arg>${AmazonLink}</arg>
<doc>Navigates the current browser window to the provided ``url``.</doc>
<msg timestamp="20221118 17:07:36.748" level="INFO">Opening url 'https://amazon.in/'</msg>
<status status="PASS" starttime="20221118 17:07:36.746" endtime="20221118 17:07:43.775"/>
</kw>
<status status="PASS" starttime="20221118 17:07:36.745" endtime="20221118 17:07:43.776"/>
</kw>
<status status="PASS" starttime="20221118 17:07:36.744" endtime="20221118 17:07:43.776"/>
</kw>
<kw name="Search For Product" library="Amazon">
<kw name="Search For Product" library="Search">
<kw name="Input Text" library="SeleniumLibrary">
<arg>id=twotabsearchtextbox</arg>
<arg>${SearchTerm}</arg>
<doc>Types the given ``text`` into the text field identified by ``locator``.</doc>
<msg timestamp="20221118 17:07:43.786" level="INFO">Typing text 'TV' into text field 'id=twotabsearchtextbox'.</msg>
<status status="PASS" starttime="20221118 17:07:43.784" endtime="20221118 17:07:44.048"/>
</kw>
<kw name="Click Button" library="SeleniumLibrary">
<arg>id=nav-search-submit-button</arg>
<doc>Clicks the button identified by ``locator``.</doc>
<msg timestamp="20221118 17:07:44.051" level="INFO">Clicking button 'id=nav-search-submit-button'.</msg>
<status status="PASS" starttime="20221118 17:07:44.049" endtime="20221118 17:07:46.495"/>
</kw>
<status status="PASS" starttime="20221118 17:07:43.782" endtime="20221118 17:07:46.495"/>
</kw>
<kw name="Verify Search Results" library="Resultpage">
<kw name="Wait Until Page Contains" library="SeleniumLibrary">
<arg>${searchResults}</arg>
<doc>Waits until ``text`` appears on the current page.</doc>
<status status="PASS" starttime="20221118 17:07:46.498" endtime="20221118 17:07:46.832"/>
</kw>
<status status="PASS" starttime="20221118 17:07:46.496" endtime="20221118 17:07:46.833"/>
</kw>
<status status="PASS" starttime="20221118 17:07:43.780" endtime="20221118 17:07:46.834"/>
</kw>
<kw name="Change Filter To &quot;Price Low To High&quot; and Verify Results" library="resultpageDefinition">
<kw name="Change Filter to &quot;Price Low To High&quot;" library="Resultpage">
<kw name="Click Element" library="SeleniumLibrary">
<arg>css=#a-autoid-0-announce &gt; span.a-dropdown-prompt</arg>
<doc>Click the element identified by ``locator``.</doc>
<msg timestamp="20221118 17:07:46.842" level="INFO">Clicking element 'css=#a-autoid-0-announce &gt; span.a-dropdown-prompt'.</msg>
<status status="PASS" starttime="20221118 17:07:46.840" endtime="20221118 17:07:47.114"/>
</kw>
<kw name="Sleep" library="BuiltIn">
<arg>1</arg>
<doc>Pauses the test executed for the given time.</doc>
<msg timestamp="20221118 17:07:48.131" level="INFO">Slept 1 second</msg>
<status status="PASS" starttime="20221118 17:07:47.115" endtime="20221118 17:07:48.132"/>
</kw>
<kw name="Click Element" library="SeleniumLibrary">
<arg>id=s-result-sort-select_1</arg>
<doc>Click the element identified by ``locator``.</doc>
<msg timestamp="20221118 17:07:48.135" level="INFO">Clicking element 'id=s-result-sort-select_1'.</msg>
<status status="PASS" starttime="20221118 17:07:48.133" endtime="20221118 17:07:48.313"/>
</kw>
<kw name="Wait Until Element Contains" library="SeleniumLibrary">
<arg>css=#a-autoid-0-announce &gt; span.a-dropdown-prompt</arg>
<arg>Price: Low to High</arg>
<doc>Waits until the element ``locator`` contains ``text``.</doc>
<status status="PASS" starttime="20221118 17:07:48.313" endtime="20221118 17:07:48.361"/>
</kw>
<status status="PASS" starttime="20221118 17:07:46.839" endtime="20221118 17:07:48.361"/>
</kw>
<kw name="Verify Products coming in Low to High price" library="Resultpage">
<kw name="Sleep" library="BuiltIn">
<arg>5</arg>
<doc>Pauses the test executed for the given time.</doc>
<msg timestamp="20221118 17:07:53.368" level="INFO">Slept 5 seconds</msg>
<status status="PASS" starttime="20221118 17:07:48.363" endtime="20221118 17:07:53.370"/>
</kw>
<kw name="Get WebElements" library="SeleniumLibrary">
<var>@{priceList}</var>
<arg>css=div.sg-row&gt;div&gt;div.sg-col-inner&gt;div&gt;div&gt;div&gt;div&gt;div.s-price-instructions-style &gt;div&gt;a&gt;span&gt;span&gt;span.a-price-whole</arg>
<doc>Returns a list of WebElement objects matching the ``locator``.</doc>
<msg timestamp="20221118 17:07:53.389" level="INFO">@{priceList} = [ &lt;selenium.webdriver.remote.webelement.WebElement (session="06606d564e03fe06192b7c5a3defb537", element="ad787bc4-7c58-4419-b96b-3e9e29529bbf")&gt; | &lt;selenium.webdriver.remote.webelement.WebElement (ses...</msg>
<status status="PASS" starttime="20221118 17:07:53.371" endtime="20221118 17:07:53.390"/>
</kw>
<kw name="Create List" library="BuiltIn">
<var>@{priceListInt}</var>
<doc>Returns a list containing given items.</doc>
<msg timestamp="20221118 17:07:53.392" level="INFO">@{priceListInt} = [ ]</msg>
<status status="PASS" starttime="20221118 17:07:53.390" endtime="20221118 17:07:53.392"/>
</kw>
<for flavor="IN">
<var>${price}</var>
<value>@{priceList}</value>
<iter>
<var name="${price}">&lt;selenium.webdriver.remote.webelement.WebElement (session="06606d564e03fe06192b7c5a3defb537", element="ad787bc4-7c58-4419-b96b-3e9e29529bbf")&gt;</var>
<kw name="Get Text" library="SeleniumLibrary">
<var>${price}</var>
<arg>${price}</arg>
<doc>Returns the text value of the element identified by ``locator``.</doc>
<msg timestamp="20221118 17:07:53.415" level="INFO">${price} = 181</msg>
<status status="PASS" starttime="20221118 17:07:53.394" endtime="20221118 17:07:53.415"/>
</kw>
<kw name="Replace String" library="String">
<var>${price}</var>
<arg>${price}</arg>
<arg>,</arg>
<arg>${blank}</arg>
<doc>Replaces ``search_for`` in the given ``string`` with ``replace_with``.</doc>
<msg timestamp="20221118 17:07:53.417" level="INFO">${price} = 181</msg>
<status status="PASS" starttime="20221118 17:07:53.416" endtime="20221118 17:07:53.418"/>
</kw>
<kw name="Convert To Integer" library="BuiltIn">
<var>${price}</var>
<arg>${price}</arg>
<doc>Converts the given item to an integer number.</doc>
<msg timestamp="20221118 17:07:53.420" level="INFO">${price} = 181</msg>
<status status="PASS" starttime="20221118 17:07:53.419" endtime="20221118 17:07:53.421"/>
</kw>
<kw name="Append To List" library="Collections">
<arg>${priceListInt}</arg>
<arg>${price}</arg>
<doc>Adds ``values`` to the end of ``list``.</doc>
<status status="PASS" starttime="20221118 17:07:53.421" endtime="20221118 17:07:53.422"/>
</kw>
<status status="PASS" starttime="20221118 17:07:53.393" endtime="20221118 17:07:53.423"/>
</iter>
<iter>
<var name="${price}">&lt;selenium.webdriver.remote.webelement.WebElement (session="06606d564e03fe06192b7c5a3defb537", element="70955288-f926-4b2c-8edd-7b3ef7a2daf9")&gt;</var>
<kw name="Get Text" library="SeleniumLibrary">
<var>${price}</var>
<arg>${price}</arg>
<doc>Returns the text value of the element identified by ``locator``.</doc>
<msg timestamp="20221118 17:07:53.455" level="INFO">${price} = 249</msg>
<status status="PASS" starttime="20221118 17:07:53.424" endtime="20221118 17:07:53.456"/>
</kw>
<kw name="Replace String" library="String">
<var>${price}</var>
<arg>${price}</arg>
<arg>,</arg>
<arg>${blank}</arg>
<doc>Replaces ``search_for`` in the given ``string`` with ``replace_with``.</doc>
<msg timestamp="20221118 17:07:53.460" level="INFO">${price} = 249</msg>
<status status="PASS" starttime="20221118 17:07:53.457" endtime="20221118 17:07:53.461"/>
</kw>
<kw name="Convert To Integer" library="BuiltIn">
<var>${price}</var>
<arg>${price}</arg>
<doc>Converts the given item to an integer number.</doc>
<msg timestamp="20221118 17:07:53.464" level="INFO">${price} = 249</msg>
<status status="PASS" starttime="20221118 17:07:53.461" endtime="20221118 17:07:53.465"/>
</kw>
<kw name="Append To List" library="Collections">
<arg>${priceListInt}</arg>
<arg>${price}</arg>
<doc>Adds ``values`` to the end of ``list``.</doc>
<status status="PASS" starttime="20221118 17:07:53.466" endtime="20221118 17:07:53.470"/>
</kw>
<status status="PASS" starttime="20221118 17:07:53.423" endtime="20221118 17:07:53.470"/>
</iter>
<iter>
<var name="${price}">&lt;selenium.webdriver.remote.webelement.WebElement (session="06606d564e03fe06192b7c5a3defb537", element="5cb4c194-cb7e-4bb4-b6be-483001f36b89")&gt;</var>
<kw name="Get Text" library="SeleniumLibrary">
<var>${price}</var>
<arg>${price}</arg>
<doc>Returns the text value of the element identified by ``locator``.</doc>
<msg timestamp="20221118 17:07:53.497" level="INFO">${price} = 399</msg>
<status status="PASS" starttime="20221118 17:07:53.473" endtime="20221118 17:07:53.498"/>
</kw>
<kw name="Replace String" library="String">
<var>${price}</var>
<arg>${price}</arg>
<arg>,</arg>
<arg>${blank}</arg>
<doc>Replaces ``search_for`` in the given ``string`` with ``replace_with``.</doc>
<msg timestamp="20221118 17:07:53.500" level="INFO">${price} = 399</msg>
<status status="PASS" starttime="20221118 17:07:53.498" endtime="20221118 17:07:53.503"/>
</kw>
<kw name="Convert To Integer" library="BuiltIn">
<var>${price}</var>
<arg>${price}</arg>
<doc>Converts the given item to an integer number.</doc>
<msg timestamp="20221118 17:07:53.505" level="INFO">${price} = 399</msg>
<status status="PASS" starttime="20221118 17:07:53.503" endtime="20221118 17:07:53.507"/>
</kw>
<kw name="Append To List" library="Collections">
<arg>${priceListInt}</arg>
<arg>${price}</arg>
<doc>Adds ``values`` to the end of ``list``.</doc>
<status status="PASS" starttime="20221118 17:07:53.507" endtime="20221118 17:07:53.509"/>
</kw>
<status status="PASS" starttime="20221118 17:07:53.471" endtime="20221118 17:07:53.510"/>
</iter>
<iter>
<var name="${price}">&lt;selenium.webdriver.remote.webelement.WebElement (session="06606d564e03fe06192b7c5a3defb537", element="5e003c41-f1ea-4d14-b2fc-fcbc851081fe")&gt;</var>
<kw name="Get Text" library="SeleniumLibrary">
<var>${price}</var>
<arg>${price}</arg>
<doc>Returns the text value of the element identified by ``locator``.</doc>
<msg timestamp="20221118 17:07:53.538" level="INFO">${price} = 399</msg>
<status status="PASS" starttime="20221118 17:07:53.511" endtime="20221118 17:07:53.539"/>
</kw>
<kw name="Replace String" library="String">
<var>${price}</var>
<arg>${price}</arg>
<arg>,</arg>
<arg>${blank}</arg>
<doc>Replaces ``search_for`` in the given ``string`` with ``replace_with``.</doc>
<msg timestamp="20221118 17:07:53.541" level="INFO">${price} = 399</msg>
<status status="PASS" starttime="20221118 17:07:53.539" endtime="20221118 17:07:53.541"/>
</kw>
<kw name="Convert To Integer" library="BuiltIn">
<var>${price}</var>
<arg>${price}</arg>
<doc>Converts the given item to an integer number.</doc>
<msg timestamp="20221118 17:07:53.543" level="INFO">${price} = 399</msg>
<status status="PASS" starttime="20221118 17:07:53.542" endtime="20221118 17:07:53.544"/>
</kw>
<kw name="Append To List" library="Collections">
<arg>${priceListInt}</arg>
<arg>${price}</arg>
<doc>Adds ``values`` to the end of ``list``.</doc>
<status status="PASS" starttime="20221118 17:07:53.545" endtime="20221118 17:07:53.546"/>
</kw>
<status status="PASS" starttime="20221118 17:07:53.511" endtime="20221118 17:07:53.546"/>
</iter>
<iter>
<var name="${price}">&lt;selenium.webdriver.remote.webelement.WebElement (session="06606d564e03fe06192b7c5a3defb537", element="88313a18-fc35-4c5c-9961-3ec4c906eb6e")&gt;</var>
<kw name="Get Text" library="SeleniumLibrary">
<var>${price}</var>
<arg>${price}</arg>
<doc>Returns the text value of the element identified by ``locator``.</doc>
<msg timestamp="20221118 17:07:53.566" level="INFO">${price} = 399</msg>
<status status="PASS" starttime="20221118 17:07:53.547" endtime="20221118 17:07:53.566"/>
</kw>
<kw name="Replace String" library="String">
<var>${price}</var>
<arg>${price}</arg>
<arg>,</arg>
<arg>${blank}</arg>
<doc>Replaces ``search_for`` in the given ``string`` with ``replace_with``.</doc>
<msg timestamp="20221118 17:07:53.570" level="INFO">${price} = 399</msg>
<status status="PASS" starttime="20221118 17:07:53.567" endtime="20221118 17:07:53.571"/>
</kw>
<kw name="Convert To Integer" library="BuiltIn">
<var>${price}</var>
<arg>${price}</arg>
<doc>Converts the given item to an integer number.</doc>
<msg timestamp="20221118 17:07:53.572" level="INFO">${price} = 399</msg>
<status status="PASS" starttime="20221118 17:07:53.572" endtime="20221118 17:07:53.573"/>
</kw>
<kw name="Append To List" library="Collections">
<arg>${priceListInt}</arg>
<arg>${price}</arg>
<doc>Adds ``values`` to the end of ``list``.</doc>
<status status="PASS" starttime="20221118 17:07:53.574" endtime="20221118 17:07:53.575"/>
</kw>
<status status="PASS" starttime="20221118 17:07:53.547" endtime="20221118 17:07:53.575"/>
</iter>
<iter>
<var name="${price}">&lt;selenium.webdriver.remote.webelement.WebElement (session="06606d564e03fe06192b7c5a3defb537", element="41a29d08-f7ad-4827-9555-368e7e8c46b3")&gt;</var>
<kw name="Get Text" library="SeleniumLibrary">
<var>${price}</var>
<arg>${price}</arg>
<doc>Returns the text value of the element identified by ``locator``.</doc>
<msg timestamp="20221118 17:07:53.595" level="INFO">${price} = 399</msg>
<status status="PASS" starttime="20221118 17:07:53.577" endtime="20221118 17:07:53.595"/>
</kw>
<kw name="Replace String" library="String">
<var>${price}</var>
<arg>${price}</arg>
<arg>,</arg>
<arg>${blank}</arg>
<doc>Replaces ``search_for`` in the given ``string`` with ``replace_with``.</doc>
<msg timestamp="20221118 17:07:53.597" level="INFO">${price} = 399</msg>
<status status="PASS" starttime="20221118 17:07:53.596" endtime="20221118 17:07:53.598"/>
</kw>
<kw name="Convert To Integer" library="BuiltIn">
<var>${price}</var>
<arg>${price}</arg>
<doc>Converts the given item to an integer number.</doc>
<msg timestamp="20221118 17:07:53.599" level="INFO">${price} = 399</msg>
<status status="PASS" starttime="20221118 17:07:53.598" endtime="20221118 17:07:53.600"/>
</kw>
<kw name="Append To List" library="Collections">
<arg>${priceListInt}</arg>
<arg>${price}</arg>
<doc>Adds ``values`` to the end of ``list``.</doc>
<status status="PASS" starttime="20221118 17:07:53.601" endtime="20221118 17:07:53.603"/>
</kw>
<status status="PASS" starttime="20221118 17:07:53.576" endtime="20221118 17:07:53.604"/>
</iter>
<iter>
<var name="${price}">&lt;selenium.webdriver.remote.webelement.WebElement (session="06606d564e03fe06192b7c5a3defb537", element="843b3777-4340-4e0d-918b-8eaa5d25bf6a")&gt;</var>
<kw name="Get Text" library="SeleniumLibrary">
<var>${price}</var>
<arg>${price}</arg>
<doc>Returns the text value of the element identified by ``locator``.</doc>
<msg timestamp="20221118 17:07:53.621" level="INFO">${price} = 399</msg>
<status status="PASS" starttime="20221118 17:07:53.605" endtime="20221118 17:07:53.622"/>
</kw>
<kw name="Replace String" library="String">
<var>${price}</var>
<arg>${price}</arg>
<arg>,</arg>
<arg>${blank}</arg>
<doc>Replaces ``search_for`` in the given ``string`` with ``replace_with``.</doc>
<msg timestamp="20221118 17:07:53.624" level="INFO">${price} = 399</msg>
<status status="PASS" starttime="20221118 17:07:53.623" endtime="20221118 17:07:53.625"/>
</kw>
<kw name="Convert To Integer" library="BuiltIn">
<var>${price}</var>
<arg>${price}</arg>
<doc>Converts the given item to an integer number.</doc>
<msg timestamp="20221118 17:07:53.627" level="INFO">${price} = 399</msg>
<status status="PASS" starttime="20221118 17:07:53.626" endtime="20221118 17:07:53.627"/>
</kw>
<kw name="Append To List" library="Collections">
<arg>${priceListInt}</arg>
<arg>${price}</arg>
<doc>Adds ``values`` to the end of ``list``.</doc>
<status status="PASS" starttime="20221118 17:07:53.628" endtime="20221118 17:07:53.629"/>
</kw>
<status status="PASS" starttime="20221118 17:07:53.604" endtime="20221118 17:07:53.629"/>
</iter>
<iter>
<var name="${price}">&lt;selenium.webdriver.remote.webelement.WebElement (session="06606d564e03fe06192b7c5a3defb537", element="490dc7e2-ec13-4629-afed-1505896d5976")&gt;</var>
<kw name="Get Text" library="SeleniumLibrary">
<var>${price}</var>
<arg>${price}</arg>
<doc>Returns the text value of the element identified by ``locator``.</doc>
<msg timestamp="20221118 17:07:53.648" level="INFO">${price} = 399</msg>
<status status="PASS" starttime="20221118 17:07:53.631" endtime="20221118 17:07:53.648"/>
</kw>
<kw name="Replace String" library="String">
<var>${price}</var>
<arg>${price}</arg>
<arg>,</arg>
<arg>${blank}</arg>
<doc>Replaces ``search_for`` in the given ``string`` with ``replace_with``.</doc>
<msg timestamp="20221118 17:07:53.650" level="INFO">${price} = 399</msg>
<status status="PASS" starttime="20221118 17:07:53.649" endtime="20221118 17:07:53.652"/>
</kw>
<kw name="Convert To Integer" library="BuiltIn">
<var>${price}</var>
<arg>${price}</arg>
<doc>Converts the given item to an integer number.</doc>
<msg timestamp="20221118 17:07:53.654" level="INFO">${price} = 399</msg>
<status status="PASS" starttime="20221118 17:07:53.653" endtime="20221118 17:07:53.655"/>
</kw>
<kw name="Append To List" library="Collections">
<arg>${priceListInt}</arg>
<arg>${price}</arg>
<doc>Adds ``values`` to the end of ``list``.</doc>
<status status="PASS" starttime="20221118 17:07:53.656" endtime="20221118 17:07:53.658"/>
</kw>
<status status="PASS" starttime="20221118 17:07:53.630" endtime="20221118 17:07:53.658"/>
</iter>
<iter>
<var name="${price}">&lt;selenium.webdriver.remote.webelement.WebElement (session="06606d564e03fe06192b7c5a3defb537", element="96428fe6-f547-4517-b704-1dc57369c8cc")&gt;</var>
<kw name="Get Text" library="SeleniumLibrary">
<var>${price}</var>
<arg>${price}</arg>
<doc>Returns the text value of the element identified by ``locator``.</doc>
<msg timestamp="20221118 17:07:53.679" level="INFO">${price} = 399</msg>
<status status="PASS" starttime="20221118 17:07:53.659" endtime="20221118 17:07:53.679"/>
</kw>
<kw name="Replace String" library="String">
<var>${price}</var>
<arg>${price}</arg>
<arg>,</arg>
<arg>${blank}</arg>
<doc>Replaces ``search_for`` in the given ``string`` with ``replace_with``.</doc>
<msg timestamp="20221118 17:07:53.681" level="INFO">${price} = 399</msg>
<status status="PASS" starttime="20221118 17:07:53.679" endtime="20221118 17:07:53.681"/>
</kw>
<kw name="Convert To Integer" library="BuiltIn">
<var>${price}</var>
<arg>${price}</arg>
<doc>Converts the given item to an integer number.</doc>
<msg timestamp="20221118 17:07:53.683" level="INFO">${price} = 399</msg>
<status status="PASS" starttime="20221118 17:07:53.682" endtime="20221118 17:07:53.685"/>
</kw>
<kw name="Append To List" library="Collections">
<arg>${priceListInt}</arg>
<arg>${price}</arg>
<doc>Adds ``values`` to the end of ``list``.</doc>
<status status="PASS" starttime="20221118 17:07:53.686" endtime="20221118 17:07:53.688"/>
</kw>
<status status="PASS" starttime="20221118 17:07:53.658" endtime="20221118 17:07:53.689"/>
</iter>
<iter>
<var name="${price}">&lt;selenium.webdriver.remote.webelement.WebElement (session="06606d564e03fe06192b7c5a3defb537", element="08c13ed5-afdd-4a75-b0b4-cf37dfd3bbef")&gt;</var>
<kw name="Get Text" library="SeleniumLibrary">
<var>${price}</var>
<arg>${price}</arg>
<doc>Returns the text value of the element identified by ``locator``.</doc>
<msg timestamp="20221118 17:07:53.709" level="INFO">${price} = 399</msg>
<status status="PASS" starttime="20221118 17:07:53.690" endtime="20221118 17:07:53.710"/>
</kw>
<kw name="Replace String" library="String">
<var>${price}</var>
<arg>${price}</arg>
<arg>,</arg>
<arg>${blank}</arg>
<doc>Replaces ``search_for`` in the given ``string`` with ``replace_with``.</doc>
<msg timestamp="20221118 17:07:53.711" level="INFO">${price} = 399</msg>
<status status="PASS" starttime="20221118 17:07:53.710" endtime="20221118 17:07:53.712"/>
</kw>
<kw name="Convert To Integer" library="BuiltIn">
<var>${price}</var>
<arg>${price}</arg>
<doc>Converts the given item to an integer number.</doc>
<msg timestamp="20221118 17:07:53.713" level="INFO">${price} = 399</msg>
<status status="PASS" starttime="20221118 17:07:53.712" endtime="20221118 17:07:53.714"/>
</kw>
<kw name="Append To List" library="Collections">
<arg>${priceListInt}</arg>
<arg>${price}</arg>
<doc>Adds ``values`` to the end of ``list``.</doc>
<status status="PASS" starttime="20221118 17:07:53.714" endtime="20221118 17:07:53.715"/>
</kw>
<status status="PASS" starttime="20221118 17:07:53.689" endtime="20221118 17:07:53.716"/>
</iter>
<iter>
<var name="${price}">&lt;selenium.webdriver.remote.webelement.WebElement (session="06606d564e03fe06192b7c5a3defb537", element="3d3129a4-30ef-452d-837e-04dd241b6a38")&gt;</var>
<kw name="Get Text" library="SeleniumLibrary">
<var>${price}</var>
<arg>${price}</arg>
<doc>Returns the text value of the element identified by ``locator``.</doc>
<msg timestamp="20221118 17:07:53.738" level="INFO">${price} = 399</msg>
<status status="PASS" starttime="20221118 17:07:53.716" endtime="20221118 17:07:53.739"/>
</kw>
<kw name="Replace String" library="String">
<var>${price}</var>
<arg>${price}</arg>
<arg>,</arg>
<arg>${blank}</arg>
<doc>Replaces ``search_for`` in the given ``string`` with ``replace_with``.</doc>
<msg timestamp="20221118 17:07:53.741" level="INFO">${price} = 399</msg>
<status status="PASS" starttime="20221118 17:07:53.740" endtime="20221118 17:07:53.742"/>
</kw>
<kw name="Convert To Integer" library="BuiltIn">
<var>${price}</var>
<arg>${price}</arg>
<doc>Converts the given item to an integer number.</doc>
<msg timestamp="20221118 17:07:53.743" level="INFO">${price} = 399</msg>
<status status="PASS" starttime="20221118 17:07:53.742" endtime="20221118 17:07:53.744"/>
</kw>
<kw name="Append To List" library="Collections">
<arg>${priceListInt}</arg>
<arg>${price}</arg>
<doc>Adds ``values`` to the end of ``list``.</doc>
<status status="PASS" starttime="20221118 17:07:53.744" endtime="20221118 17:07:53.745"/>
</kw>
<status status="PASS" starttime="20221118 17:07:53.716" endtime="20221118 17:07:53.745"/>
</iter>
<iter>
<var name="${price}">&lt;selenium.webdriver.remote.webelement.WebElement (session="06606d564e03fe06192b7c5a3defb537", element="ea8a522e-8bed-4464-bccd-19437342c16b")&gt;</var>
<kw name="Get Text" library="SeleniumLibrary">
<var>${price}</var>
<arg>${price}</arg>
<doc>Returns the text value of the element identified by ``locator``.</doc>
<msg timestamp="20221118 17:07:53.767" level="INFO">${price} = 399</msg>
<status status="PASS" starttime="20221118 17:07:53.747" endtime="20221118 17:07:53.769"/>
</kw>
<kw name="Replace String" library="String">
<var>${price}</var>
<arg>${price}</arg>
<arg>,</arg>
<arg>${blank}</arg>
<doc>Replaces ``search_for`` in the given ``string`` with ``replace_with``.</doc>
<msg timestamp="20221118 17:07:53.771" level="INFO">${price} = 399</msg>
<status status="PASS" starttime="20221118 17:07:53.770" endtime="20221118 17:07:53.772"/>
</kw>
<kw name="Convert To Integer" library="BuiltIn">
<var>${price}</var>
<arg>${price}</arg>
<doc>Converts the given item to an integer number.</doc>
<msg timestamp="20221118 17:07:53.776" level="INFO">${price} = 399</msg>
<status status="PASS" starttime="20221118 17:07:53.773" endtime="20221118 17:07:53.777"/>
</kw>
<kw name="Append To List" library="Collections">
<arg>${priceListInt}</arg>
<arg>${price}</arg>
<doc>Adds ``values`` to the end of ``list``.</doc>
<status status="PASS" starttime="20221118 17:07:53.777" endtime="20221118 17:07:53.778"/>
</kw>
<status status="PASS" starttime="20221118 17:07:53.745" endtime="20221118 17:07:53.779"/>
</iter>
<iter>
<var name="${price}">&lt;selenium.webdriver.remote.webelement.WebElement (session="06606d564e03fe06192b7c5a3defb537", element="d0c8ef95-18dc-4c3c-be4a-674fd332a008")&gt;</var>
<kw name="Get Text" library="SeleniumLibrary">
<var>${price}</var>
<arg>${price}</arg>
<doc>Returns the text value of the element identified by ``locator``.</doc>
<msg timestamp="20221118 17:07:53.797" level="INFO">${price} = 399</msg>
<status status="PASS" starttime="20221118 17:07:53.780" endtime="20221118 17:07:53.798"/>
</kw>
<kw name="Replace String" library="String">
<var>${price}</var>
<arg>${price}</arg>
<arg>,</arg>
<arg>${blank}</arg>
<doc>Replaces ``search_for`` in the given ``string`` with ``replace_with``.</doc>
<msg timestamp="20221118 17:07:53.799" level="INFO">${price} = 399</msg>
<status status="PASS" starttime="20221118 17:07:53.798" endtime="20221118 17:07:53.800"/>
</kw>
<kw name="Convert To Integer" library="BuiltIn">
<var>${price}</var>
<arg>${price}</arg>
<doc>Converts the given item to an integer number.</doc>
<msg timestamp="20221118 17:07:53.803" level="INFO">${price} = 399</msg>
<status status="PASS" starttime="20221118 17:07:53.801" endtime="20221118 17:07:53.804"/>
</kw>
<kw name="Append To List" library="Collections">
<arg>${priceListInt}</arg>
<arg>${price}</arg>
<doc>Adds ``values`` to the end of ``list``.</doc>
<status status="PASS" starttime="20221118 17:07:53.805" endtime="20221118 17:07:53.806"/>
</kw>
<status status="PASS" starttime="20221118 17:07:53.779" endtime="20221118 17:07:53.806"/>
</iter>
<iter>
<var name="${price}">&lt;selenium.webdriver.remote.webelement.WebElement (session="06606d564e03fe06192b7c5a3defb537", element="b972fb6b-ba17-45fe-9b57-1dd670e23cec")&gt;</var>
<kw name="Get Text" library="SeleniumLibrary">
<var>${price}</var>
<arg>${price}</arg>
<doc>Returns the text value of the element identified by ``locator``.</doc>
<msg timestamp="20221118 17:07:53.824" level="INFO">${price} = 399</msg>
<status status="PASS" starttime="20221118 17:07:53.807" endtime="20221118 17:07:53.825"/>
</kw>
<kw name="Replace String" library="String">
<var>${price}</var>
<arg>${price}</arg>
<arg>,</arg>
<arg>${blank}</arg>
<doc>Replaces ``search_for`` in the given ``string`` with ``replace_with``.</doc>
<msg timestamp="20221118 17:07:53.827" level="INFO">${price} = 399</msg>
<status status="PASS" starttime="20221118 17:07:53.825" endtime="20221118 17:07:53.827"/>
</kw>
<kw name="Convert To Integer" library="BuiltIn">
<var>${price}</var>
<arg>${price}</arg>
<doc>Converts the given item to an integer number.</doc>
<msg timestamp="20221118 17:07:53.829" level="INFO">${price} = 399</msg>
<status status="PASS" starttime="20221118 17:07:53.828" endtime="20221118 17:07:53.830"/>
</kw>
<kw name="Append To List" library="Collections">
<arg>${priceListInt}</arg>
<arg>${price}</arg>
<doc>Adds ``values`` to the end of ``list``.</doc>
<status status="PASS" starttime="20221118 17:07:53.830" endtime="20221118 17:07:53.832"/>
</kw>
<status status="PASS" starttime="20221118 17:07:53.806" endtime="20221118 17:07:53.832"/>
</iter>
<iter>
<var name="${price}">&lt;selenium.webdriver.remote.webelement.WebElement (session="06606d564e03fe06192b7c5a3defb537", element="af1d80a6-a4d9-456d-ae86-38b5dfe3ee57")&gt;</var>
<kw name="Get Text" library="SeleniumLibrary">
<var>${price}</var>
<arg>${price}</arg>
<doc>Returns the text value of the element identified by ``locator``.</doc>
<msg timestamp="20221118 17:07:53.856" level="INFO">${price} = 399</msg>
<status status="PASS" starttime="20221118 17:07:53.833" endtime="20221118 17:07:53.857"/>
</kw>
<kw name="Replace String" library="String">
<var>${price}</var>
<arg>${price}</arg>
<arg>,</arg>
<arg>${blank}</arg>
<doc>Replaces ``search_for`` in the given ``string`` with ``replace_with``.</doc>
<msg timestamp="20221118 17:07:53.858" level="INFO">${price} = 399</msg>
<status status="PASS" starttime="20221118 17:07:53.857" endtime="20221118 17:07:53.859"/>
</kw>
<kw name="Convert To Integer" library="BuiltIn">
<var>${price}</var>
<arg>${price}</arg>
<doc>Converts the given item to an integer number.</doc>
<msg timestamp="20221118 17:07:53.861" level="INFO">${price} = 399</msg>
<status status="PASS" starttime="20221118 17:07:53.860" endtime="20221118 17:07:53.861"/>
</kw>
<kw name="Append To List" library="Collections">
<arg>${priceListInt}</arg>
<arg>${price}</arg>
<doc>Adds ``values`` to the end of ``list``.</doc>
<status status="PASS" starttime="20221118 17:07:53.862" endtime="20221118 17:07:53.863"/>
</kw>
<status status="PASS" starttime="20221118 17:07:53.832" endtime="20221118 17:07:53.863"/>
</iter>
<iter>
<var name="${price}">&lt;selenium.webdriver.remote.webelement.WebElement (session="06606d564e03fe06192b7c5a3defb537", element="0b37d000-8bfe-48ce-b08b-ba543e39db99")&gt;</var>
<kw name="Get Text" library="SeleniumLibrary">
<var>${price}</var>
<arg>${price}</arg>
<doc>Returns the text value of the element identified by ``locator``.</doc>
<msg timestamp="20221118 17:07:53.883" level="INFO">${price} = 399</msg>
<status status="PASS" starttime="20221118 17:07:53.865" endtime="20221118 17:07:53.883"/>
</kw>
<kw name="Replace String" library="String">
<var>${price}</var>
<arg>${price}</arg>
<arg>,</arg>
<arg>${blank}</arg>
<doc>Replaces ``search_for`` in the given ``string`` with ``replace_with``.</doc>
<msg timestamp="20221118 17:07:53.886" level="INFO">${price} = 399</msg>
<status status="PASS" starttime="20221118 17:07:53.883" endtime="20221118 17:07:53.887"/>
</kw>
<kw name="Convert To Integer" library="BuiltIn">
<var>${price}</var>
<arg>${price}</arg>
<doc>Converts the given item to an integer number.</doc>
<msg timestamp="20221118 17:07:53.888" level="INFO">${price} = 399</msg>
<status status="PASS" starttime="20221118 17:07:53.887" endtime="20221118 17:07:53.890"/>
</kw>
<kw name="Append To List" library="Collections">
<arg>${priceListInt}</arg>
<arg>${price}</arg>
<doc>Adds ``values`` to the end of ``list``.</doc>
<status status="PASS" starttime="20221118 17:07:53.890" endtime="20221118 17:07:53.890"/>
</kw>
<status status="PASS" starttime="20221118 17:07:53.864" endtime="20221118 17:07:53.891"/>
</iter>
<iter>
<var name="${price}">&lt;selenium.webdriver.remote.webelement.WebElement (session="06606d564e03fe06192b7c5a3defb537", element="d96d4359-d019-4599-8f87-8cf3610ef3d0")&gt;</var>
<kw name="Get Text" library="SeleniumLibrary">
<var>${price}</var>
<arg>${price}</arg>
<doc>Returns the text value of the element identified by ``locator``.</doc>
<msg timestamp="20221118 17:07:53.910" level="INFO">${price} = 34,999</msg>
<status status="PASS" starttime="20221118 17:07:53.893" endtime="20221118 17:07:53.910"/>
</kw>
<kw name="Replace String" library="String">
<var>${price}</var>
<arg>${price}</arg>
<arg>,</arg>
<arg>${blank}</arg>
<doc>Replaces ``search_for`` in the given ``string`` with ``replace_with``.</doc>
<msg timestamp="20221118 17:07:53.911" level="INFO">${price} = 34999</msg>
<status status="PASS" starttime="20221118 17:07:53.911" endtime="20221118 17:07:53.913"/>
</kw>
<kw name="Convert To Integer" library="BuiltIn">
<var>${price}</var>
<arg>${price}</arg>
<doc>Converts the given item to an integer number.</doc>
<msg timestamp="20221118 17:07:53.913" level="INFO">${price} = 34999</msg>
<status status="PASS" starttime="20221118 17:07:53.913" endtime="20221118 17:07:53.914"/>
</kw>
<kw name="Append To List" library="Collections">
<arg>${priceListInt}</arg>
<arg>${price}</arg>
<doc>Adds ``values`` to the end of ``list``.</doc>
<status status="PASS" starttime="20221118 17:07:53.915" endtime="20221118 17:07:53.915"/>
</kw>
<status status="PASS" starttime="20221118 17:07:53.891" endtime="20221118 17:07:53.916"/>
</iter>
<iter>
<var name="${price}">&lt;selenium.webdriver.remote.webelement.WebElement (session="06606d564e03fe06192b7c5a3defb537", element="0c23745a-41dd-474f-881d-035668430207")&gt;</var>
<kw name="Get Text" library="SeleniumLibrary">
<var>${price}</var>
<arg>${price}</arg>
<doc>Returns the text value of the element identified by ``locator``.</doc>
<msg timestamp="20221118 17:07:53.940" level="INFO">${price} = 12,499</msg>
<status status="PASS" starttime="20221118 17:07:53.918" endtime="20221118 17:07:53.941"/>
</kw>
<kw name="Replace String" library="String">
<var>${price}</var>
<arg>${price}</arg>
<arg>,</arg>
<arg>${blank}</arg>
<doc>Replaces ``search_for`` in the given ``string`` with ``replace_with``.</doc>
<msg timestamp="20221118 17:07:53.943" level="INFO">${price} = 12499</msg>
<status status="PASS" starttime="20221118 17:07:53.941" endtime="20221118 17:07:53.943"/>
</kw>
<kw name="Convert To Integer" library="BuiltIn">
<var>${price}</var>
<arg>${price}</arg>
<doc>Converts the given item to an integer number.</doc>
<msg timestamp="20221118 17:07:53.945" level="INFO">${price} = 12499</msg>
<status status="PASS" starttime="20221118 17:07:53.944" endtime="20221118 17:07:53.946"/>
</kw>
<kw name="Append To List" library="Collections">
<arg>${priceListInt}</arg>
<arg>${price}</arg>
<doc>Adds ``values`` to the end of ``list``.</doc>
<status status="PASS" starttime="20221118 17:07:53.948" endtime="20221118 17:07:53.948"/>
</kw>
<status status="PASS" starttime="20221118 17:07:53.917" endtime="20221118 17:07:53.948"/>
</iter>
<status status="PASS" starttime="20221118 17:07:53.393" endtime="20221118 17:07:53.948"/>
</for>
<kw name="Copy List" library="Collections">
<var>${priceListIntCopy}</var>
<arg>${priceListInt}</arg>
<doc>Returns a copy of the given list.</doc>
<msg timestamp="20221118 17:07:53.950" level="INFO">${priceListIntCopy} = [181, 249, 399, 399, 399, 399, 399, 399, 399, 399, 399, 399, 399, 399, 399, 399, 34999, 12499]</msg>
<status status="PASS" starttime="20221118 17:07:53.948" endtime="20221118 17:07:53.952"/>
</kw>
<kw name="Sort List" library="Collections">
<arg>${priceListInt}</arg>
<doc>Sorts the given list in place.</doc>
<status status="PASS" starttime="20221118 17:07:53.953" endtime="20221118 17:07:53.954"/>
</kw>
<kw name="Should Be Equal" library="BuiltIn">
<arg>${priceListIntCopy}</arg>
<arg>${priceListInt}</arg>
<doc>Fails if the given objects are unequal.</doc>
<msg timestamp="20221118 17:07:53.956" level="FAIL">[181, 249, 399, 399, 399, 399, 399, 399, 399, 399, 399, 399, 399, 399, 399, 399, 34999, 12499] != [181, 249, 399, 399, 399, 399, 399, 399, 399, 399, 399, 399, 399, 399, 399, 399, 12499, 34999]</msg>
<status status="FAIL" starttime="20221118 17:07:53.955" endtime="20221118 17:07:53.958"/>
</kw>
<status status="FAIL" starttime="20221118 17:07:48.362" endtime="20221118 17:07:53.958"/>
</kw>
<status status="FAIL" starttime="20221118 17:07:46.837" endtime="20221118 17:07:53.959"/>
</kw>
<kw name="End Web Test" library="Common" type="TEARDOWN">
<kw name="Close All Browsers" library="SeleniumLibrary">
<doc>Closes all open browsers and resets the browser cache.</doc>
<status status="PASS" starttime="20221118 17:07:53.961" endtime="20221118 17:07:56.385"/>
</kw>
<status status="PASS" starttime="20221118 17:07:53.960" endtime="20221118 17:07:56.388"/>
</kw>
<status status="FAIL" starttime="20221118 17:07:34.488" endtime="20221118 17:07:56.391">[181, 249, 399, 399, 399, 399, 399, 399, 399, 399, 399, 399, 399, 399, 399, 399, 34999, 12499] != [181, 249, 399, 399, 399, 399, 399, 399, 399, 399, 399, 399, 399, 399, 399, 399, 12499, 34999]</status>
</test>
<test id="s1-s1-s1-t3" name="Verify Price High To Low Filter Working Correctly" line="25">
<kw name="Begin Web Test" library="Common" type="SETUP">
<kw name="Open Browser" library="SeleniumLibrary">
<arg>about:blank</arg>
<arg>${Browser}</arg>
<doc>Opens a new browser instance to the optional ``url``.</doc>
<msg timestamp="20221118 17:07:56.421" level="INFO">Opening browser 'chrome' to base url 'about:blank'.</msg>
<status status="PASS" starttime="20221118 17:07:56.416" endtime="20221118 17:07:58.274"/>
</kw>
<kw name="Maximize Browser Window" library="SeleniumLibrary">
<doc>Maximizes current browser window.</doc>
<status status="PASS" starttime="20221118 17:07:58.275" endtime="20221118 17:07:58.409"/>
</kw>
<status status="PASS" starttime="20221118 17:07:56.412" endtime="20221118 17:07:58.409"/>
</kw>
<kw name="Open Application" library="Amazon">
<kw name="Load" library="LandingPage">
<kw name="Go To" library="SeleniumLibrary">
<arg>${AmazonLink}</arg>
<doc>Navigates the current browser window to the provided ``url``.</doc>
<msg timestamp="20221118 17:07:58.414" level="INFO">Opening url 'https://amazon.in/'</msg>
<status status="PASS" starttime="20221118 17:07:58.413" endtime="20221118 17:08:02.222"/>
</kw>
<status status="PASS" starttime="20221118 17:07:58.412" endtime="20221118 17:08:02.223"/>
</kw>
<status status="PASS" starttime="20221118 17:07:58.411" endtime="20221118 17:08:02.224"/>
</kw>
<kw name="Search For Product" library="Amazon">
<kw name="Search For Product" library="Search">
<kw name="Input Text" library="SeleniumLibrary">
<arg>id=twotabsearchtextbox</arg>
<arg>${SearchTerm}</arg>
<doc>Types the given ``text`` into the text field identified by ``locator``.</doc>
<msg timestamp="20221118 17:08:02.230" level="INFO">Typing text 'TV' into text field 'id=twotabsearchtextbox'.</msg>
<status status="PASS" starttime="20221118 17:08:02.228" endtime="20221118 17:08:02.706"/>
</kw>
<kw name="Click Button" library="SeleniumLibrary">
<arg>id=nav-search-submit-button</arg>
<doc>Clicks the button identified by ``locator``.</doc>
<msg timestamp="20221118 17:08:02.709" level="INFO">Clicking button 'id=nav-search-submit-button'.</msg>
<status status="PASS" starttime="20221118 17:08:02.707" endtime="20221118 17:08:05.546"/>
</kw>
<status status="PASS" starttime="20221118 17:08:02.227" endtime="20221118 17:08:05.546"/>
</kw>
<kw name="Verify Search Results" library="Resultpage">
<kw name="Wait Until Page Contains" library="SeleniumLibrary">
<arg>${searchResults}</arg>
<doc>Waits until ``text`` appears on the current page.</doc>
<status status="PASS" starttime="20221118 17:08:05.550" endtime="20221118 17:08:06.173"/>
</kw>
<status status="PASS" starttime="20221118 17:08:05.547" endtime="20221118 17:08:06.173"/>
</kw>
<status status="PASS" starttime="20221118 17:08:02.226" endtime="20221118 17:08:06.174"/>
</kw>
<kw name="Change Filter To &quot;Price High To Low&quot; and Verify Results" library="resultpageDefinition">
<kw name="Change Filter to &quot;Price High To Low&quot;" library="Resultpage">
<kw name="Click Element" library="SeleniumLibrary">
<arg>css=#a-autoid-0-announce &gt; span.a-dropdown-prompt</arg>
<doc>Click the element identified by ``locator``.</doc>
<msg timestamp="20221118 17:08:06.183" level="INFO">Clicking element 'css=#a-autoid-0-announce &gt; span.a-dropdown-prompt'.</msg>
<status status="PASS" starttime="20221118 17:08:06.180" endtime="20221118 17:08:07.330"/>
</kw>
<kw name="Sleep" library="BuiltIn">
<arg>1</arg>
<doc>Pauses the test executed for the given time.</doc>
<msg timestamp="20221118 17:08:08.335" level="INFO">Slept 1 second</msg>
<status status="PASS" starttime="20221118 17:08:07.331" endtime="20221118 17:08:08.337"/>
</kw>
<kw name="Click Element" library="SeleniumLibrary">
<arg>id=s-result-sort-select_2</arg>
<doc>Click the element identified by ``locator``.</doc>
<msg timestamp="20221118 17:08:08.341" level="INFO">Clicking element 'id=s-result-sort-select_2'.</msg>
<status status="PASS" starttime="20221118 17:08:08.338" endtime="20221118 17:08:08.819"/>
</kw>
<kw name="Wait Until Element Contains" library="SeleniumLibrary">
<arg>css=#a-autoid-0-announce &gt; span.a-dropdown-prompt</arg>
<arg>Price: High to Low</arg>
<doc>Waits until the element ``locator`` contains ``text``.</doc>
<status status="PASS" starttime="20221118 17:08:08.820" endtime="20221118 17:08:08.892"/>
</kw>
<status status="PASS" starttime="20221118 17:08:06.178" endtime="20221118 17:08:08.892"/>
</kw>
<kw name="Verify Products coming in High to Low price" library="Resultpage">
<kw name="Sleep" library="BuiltIn">
<arg>5</arg>
<doc>Pauses the test executed for the given time.</doc>
<msg timestamp="20221118 17:08:13.904" level="INFO">Slept 5 seconds</msg>
<status status="PASS" starttime="20221118 17:08:08.895" endtime="20221118 17:08:13.905"/>
</kw>
<kw name="Get WebElements" library="SeleniumLibrary">
<var>@{priceList}</var>
<arg>css=div.sg-row&gt;div&gt;div.sg-col-inner&gt;div&gt;div&gt;div&gt;div&gt;div.s-price-instructions-style &gt;div&gt;a&gt;span&gt;span&gt;span.a-price-whole</arg>
<doc>Returns a list of WebElement objects matching the ``locator``.</doc>
<msg timestamp="20221118 17:08:13.940" level="INFO">@{priceList} = [ &lt;selenium.webdriver.remote.webelement.WebElement (session="93d01d44957f11de79ad9a20236ea0c7", element="25b87c6f-2c6c-40f3-8232-05459363d450")&gt; | &lt;selenium.webdriver.remote.webelement.WebElement (ses...</msg>
<status status="PASS" starttime="20221118 17:08:13.906" endtime="20221118 17:08:13.941"/>
</kw>
<kw name="Create List" library="BuiltIn">
<var>@{priceListInt}</var>
<doc>Returns a list containing given items.</doc>
<msg timestamp="20221118 17:08:13.944" level="INFO">@{priceListInt} = [ ]</msg>
<status status="PASS" starttime="20221118 17:08:13.942" endtime="20221118 17:08:13.947"/>
</kw>
<for flavor="IN">
<var>${price}</var>
<value>@{priceList}</value>
<iter>
<var name="${price}">&lt;selenium.webdriver.remote.webelement.WebElement (session="93d01d44957f11de79ad9a20236ea0c7", element="25b87c6f-2c6c-40f3-8232-05459363d450")&gt;</var>
<kw name="Get Text" library="SeleniumLibrary">
<var>${price}</var>
<arg>${price}</arg>
<doc>Returns the text value of the element identified by ``locator``.</doc>
<msg timestamp="20221118 17:08:13.992" level="INFO">${price} = 12,49,990</msg>
<status status="PASS" starttime="20221118 17:08:13.950" endtime="20221118 17:08:13.994"/>
</kw>
<kw name="Replace String" library="String">
<var>${price}</var>
<arg>${price}</arg>
<arg>,</arg>
<arg>${blank}</arg>
<doc>Replaces ``search_for`` in the given ``string`` with ``replace_with``.</doc>
<msg timestamp="20221118 17:08:13.998" level="INFO">${price} = 1249990</msg>
<status status="PASS" starttime="20221118 17:08:13.995" endtime="20221118 17:08:14.002"/>
</kw>
<kw name="Convert To Integer" library="BuiltIn">
<var>${price}</var>
<arg>${price}</arg>
<doc>Converts the given item to an integer number.</doc>
<msg timestamp="20221118 17:08:14.005" level="INFO">${price} = 1249990</msg>
<status status="PASS" starttime="20221118 17:08:14.003" endtime="20221118 17:08:14.007"/>
</kw>
<kw name="Append To List" library="Collections">
<arg>${priceListInt}</arg>
<arg>${price}</arg>
<doc>Adds ``values`` to the end of ``list``.</doc>
<status status="PASS" starttime="20221118 17:08:14.008" endtime="20221118 17:08:14.010"/>
</kw>
<status status="PASS" starttime="20221118 17:08:13.949" endtime="20221118 17:08:14.011"/>
</iter>
<iter>
<var name="${price}">&lt;selenium.webdriver.remote.webelement.WebElement (session="93d01d44957f11de79ad9a20236ea0c7", element="43b3c2bd-940d-4a43-8b9d-91fd7cc800ec")&gt;</var>
<kw name="Get Text" library="SeleniumLibrary">
<var>${price}</var>
<arg>${price}</arg>
<doc>Returns the text value of the element identified by ``locator``.</doc>
<msg timestamp="20221118 17:08:14.046" level="INFO">${price} = 6,99,990</msg>
<status status="PASS" starttime="20221118 17:08:14.013" endtime="20221118 17:08:14.050"/>
</kw>
<kw name="Replace String" library="String">
<var>${price}</var>
<arg>${price}</arg>
<arg>,</arg>
<arg>${blank}</arg>
<doc>Replaces ``search_for`` in the given ``string`` with ``replace_with``.</doc>
<msg timestamp="20221118 17:08:14.056" level="INFO">${price} = 699990</msg>
<status status="PASS" starttime="20221118 17:08:14.054" endtime="20221118 17:08:14.057"/>
</kw>
<kw name="Convert To Integer" library="BuiltIn">
<var>${price}</var>
<arg>${price}</arg>
<doc>Converts the given item to an integer number.</doc>
<msg timestamp="20221118 17:08:14.061" level="INFO">${price} = 699990</msg>
<status status="PASS" starttime="20221118 17:08:14.058" endtime="20221118 17:08:14.063"/>
</kw>
<kw name="Append To List" library="Collections">
<arg>${priceListInt}</arg>
<arg>${price}</arg>
<doc>Adds ``values`` to the end of ``list``.</doc>
<status status="PASS" starttime="20221118 17:08:14.064" endtime="20221118 17:08:14.068"/>
</kw>
<status status="PASS" starttime="20221118 17:08:14.012" endtime="20221118 17:08:14.068"/>
</iter>
<iter>
<var name="${price}">&lt;selenium.webdriver.remote.webelement.WebElement (session="93d01d44957f11de79ad9a20236ea0c7", element="40168a61-7f1e-4aab-9be2-8cbd21445f5a")&gt;</var>
<kw name="Get Text" library="SeleniumLibrary">
<var>${price}</var>
<arg>${price}</arg>
<doc>Returns the text value of the element identified by ``locator``.</doc>
<msg timestamp="20221118 17:08:14.103" level="INFO">${price} = 6,19,990</msg>
<status status="PASS" starttime="20221118 17:08:14.070" endtime="20221118 17:08:14.105"/>
</kw>
<kw name="Replace String" library="String">
<var>${price}</var>
<arg>${price}</arg>
<arg>,</arg>
<arg>${blank}</arg>
<doc>Replaces ``search_for`` in the given ``string`` with ``replace_with``.</doc>
<msg timestamp="20221118 17:08:14.108" level="INFO">${price} = 619990</msg>
<status status="PASS" starttime="20221118 17:08:14.106" endtime="20221118 17:08:14.109"/>
</kw>
<kw name="Convert To Integer" library="BuiltIn">
<var>${price}</var>
<arg>${price}</arg>
<doc>Converts the given item to an integer number.</doc>
<msg timestamp="20221118 17:08:14.111" level="INFO">${price} = 619990</msg>
<status status="PASS" starttime="20221118 17:08:14.109" endtime="20221118 17:08:14.113"/>
</kw>
<kw name="Append To List" library="Collections">
<arg>${priceListInt}</arg>
<arg>${price}</arg>
<doc>Adds ``values`` to the end of ``list``.</doc>
<status status="PASS" starttime="20221118 17:08:14.114" endtime="20221118 17:08:14.117"/>
</kw>
<status status="PASS" starttime="20221118 17:08:14.069" endtime="20221118 17:08:14.117"/>
</iter>
<iter>
<var name="${price}">&lt;selenium.webdriver.remote.webelement.WebElement (session="93d01d44957f11de79ad9a20236ea0c7", element="d7f22de6-a300-447f-96f7-848c6886db53")&gt;</var>
<kw name="Get Text" library="SeleniumLibrary">
<var>${price}</var>
<arg>${price}</arg>
<doc>Returns the text value of the element identified by ``locator``.</doc>
<msg timestamp="20221118 17:08:14.160" level="INFO">${price} = 6,00,000</msg>
<status status="PASS" starttime="20221118 17:08:14.119" endtime="20221118 17:08:14.161"/>
</kw>
<kw name="Replace String" library="String">
<var>${price}</var>
<arg>${price}</arg>
<arg>,</arg>
<arg>${blank}</arg>
<doc>Replaces ``search_for`` in the given ``string`` with ``replace_with``.</doc>
<msg timestamp="20221118 17:08:14.165" level="INFO">${price} = 600000</msg>
<status status="PASS" starttime="20221118 17:08:14.162" endtime="20221118 17:08:14.167"/>
</kw>
<kw name="Convert To Integer" library="BuiltIn">
<var>${price}</var>
<arg>${price}</arg>
<doc>Converts the given item to an integer number.</doc>
<msg timestamp="20221118 17:08:14.170" level="INFO">${price} = 600000</msg>
<status status="PASS" starttime="20221118 17:08:14.168" endtime="20221118 17:08:14.171"/>
</kw>
<kw name="Append To List" library="Collections">
<arg>${priceListInt}</arg>
<arg>${price}</arg>
<doc>Adds ``values`` to the end of ``list``.</doc>
<status status="PASS" starttime="20221118 17:08:14.172" endtime="20221118 17:08:14.174"/>
</kw>
<status status="PASS" starttime="20221118 17:08:14.118" endtime="20221118 17:08:14.174"/>
</iter>
<iter>
<var name="${price}">&lt;selenium.webdriver.remote.webelement.WebElement (session="93d01d44957f11de79ad9a20236ea0c7", element="bad4305b-496c-4058-91ef-2fe9d2b33f83")&gt;</var>
<kw name="Get Text" library="SeleniumLibrary">
<var>${price}</var>
<arg>${price}</arg>
<doc>Returns the text value of the element identified by ``locator``.</doc>
<msg timestamp="20221118 17:08:14.237" level="INFO">${price} = 5,50,990</msg>
<status status="PASS" starttime="20221118 17:08:14.175" endtime="20221118 17:08:14.238"/>
</kw>
<kw name="Replace String" library="String">
<var>${price}</var>
<arg>${price}</arg>
<arg>,</arg>
<arg>${blank}</arg>
<doc>Replaces ``search_for`` in the given ``string`` with ``replace_with``.</doc>
<msg timestamp="20221118 17:08:14.243" level="INFO">${price} = 550990</msg>
<status status="PASS" starttime="20221118 17:08:14.239" endtime="20221118 17:08:14.245"/>
</kw>
<kw name="Convert To Integer" library="BuiltIn">
<var>${price}</var>
<arg>${price}</arg>
<doc>Converts the given item to an integer number.</doc>
<msg timestamp="20221118 17:08:14.247" level="INFO">${price} = 550990</msg>
<status status="PASS" starttime="20221118 17:08:14.246" endtime="20221118 17:08:14.249"/>
</kw>
<kw name="Append To List" library="Collections">
<arg>${priceListInt}</arg>
<arg>${price}</arg>
<doc>Adds ``values`` to the end of ``list``.</doc>
<status status="PASS" starttime="20221118 17:08:14.250" endtime="20221118 17:08:14.253"/>
</kw>
<status status="PASS" starttime="20221118 17:08:14.174" endtime="20221118 17:08:14.253"/>
</iter>
<iter>
<var name="${price}">&lt;selenium.webdriver.remote.webelement.WebElement (session="93d01d44957f11de79ad9a20236ea0c7", element="8ef0e3fc-3db1-46f8-b5cc-61cd28ebd808")&gt;</var>
<kw name="Get Text" library="SeleniumLibrary">
<var>${price}</var>
<arg>${price}</arg>
<doc>Returns the text value of the element identified by ``locator``.</doc>
<msg timestamp="20221118 17:08:14.304" level="INFO">${price} = 4,74,990</msg>
<status status="PASS" starttime="20221118 17:08:14.255" endtime="20221118 17:08:14.306"/>
</kw>
<kw name="Replace String" library="String">
<var>${price}</var>
<arg>${price}</arg>
<arg>,</arg>
<arg>${blank}</arg>
<doc>Replaces ``search_for`` in the given ``string`` with ``replace_with``.</doc>
<msg timestamp="20221118 17:08:14.309" level="INFO">${price} = 474990</msg>
<status status="PASS" starttime="20221118 17:08:14.307" endtime="20221118 17:08:14.310"/>
</kw>
<kw name="Convert To Integer" library="BuiltIn">
<var>${price}</var>
<arg>${price}</arg>
<doc>Converts the given item to an integer number.</doc>
<msg timestamp="20221118 17:08:14.313" level="INFO">${price} = 474990</msg>
<status status="PASS" starttime="20221118 17:08:14.311" endtime="20221118 17:08:14.315"/>
</kw>
<kw name="Append To List" library="Collections">
<arg>${priceListInt}</arg>
<arg>${price}</arg>
<doc>Adds ``values`` to the end of ``list``.</doc>
<status status="PASS" starttime="20221118 17:08:14.317" endtime="20221118 17:08:14.321"/>
</kw>
<status status="PASS" starttime="20221118 17:08:14.254" endtime="20221118 17:08:14.322"/>
</iter>
<iter>
<var name="${price}">&lt;selenium.webdriver.remote.webelement.WebElement (session="93d01d44957f11de79ad9a20236ea0c7", element="cf181e3d-9b84-453b-850b-a7749aa5a567")&gt;</var>
<kw name="Get Text" library="SeleniumLibrary">
<var>${price}</var>
<arg>${price}</arg>
<doc>Returns the text value of the element identified by ``locator``.</doc>
<msg timestamp="20221118 17:08:14.363" level="INFO">${price} = 4,25,990</msg>
<status status="PASS" starttime="20221118 17:08:14.324" endtime="20221118 17:08:14.365"/>
</kw>
<kw name="Replace String" library="String">
<var>${price}</var>
<arg>${price}</arg>
<arg>,</arg>
<arg>${blank}</arg>
<doc>Replaces ``search_for`` in the given ``string`` with ``replace_with``.</doc>
<msg timestamp="20221118 17:08:14.371" level="INFO">${price} = 425990</msg>
<status status="PASS" starttime="20221118 17:08:14.367" endtime="20221118 17:08:14.372"/>
</kw>
<kw name="Convert To Integer" library="BuiltIn">
<var>${price}</var>
<arg>${price}</arg>
<doc>Converts the given item to an integer number.</doc>
<msg timestamp="20221118 17:08:14.376" level="INFO">${price} = 425990</msg>
<status status="PASS" starttime="20221118 17:08:14.373" endtime="20221118 17:08:14.377"/>
</kw>
<kw name="Append To List" library="Collections">
<arg>${priceListInt}</arg>
<arg>${price}</arg>
<doc>Adds ``values`` to the end of ``list``.</doc>
<status status="PASS" starttime="20221118 17:08:14.378" endtime="20221118 17:08:14.380"/>
</kw>
<status status="PASS" starttime="20221118 17:08:14.323" endtime="20221118 17:08:14.381"/>
</iter>
<iter>
<var name="${price}">&lt;selenium.webdriver.remote.webelement.WebElement (session="93d01d44957f11de79ad9a20236ea0c7", element="ec3e154a-b38d-4f71-a942-d42fa578121a")&gt;</var>
<kw name="Get Text" library="SeleniumLibrary">
<var>${price}</var>
<arg>${price}</arg>
<doc>Returns the text value of the element identified by ``locator``.</doc>
<msg timestamp="20221118 17:08:14.426" level="INFO">${price} = 4,13,740</msg>
<status status="PASS" starttime="20221118 17:08:14.383" endtime="20221118 17:08:14.427"/>
</kw>
<kw name="Replace String" library="String">
<var>${price}</var>
<arg>${price}</arg>
<arg>,</arg>
<arg>${blank}</arg>
<doc>Replaces ``search_for`` in the given ``string`` with ``replace_with``.</doc>
<msg timestamp="20221118 17:08:14.430" level="INFO">${price} = 413740</msg>
<status status="PASS" starttime="20221118 17:08:14.428" endtime="20221118 17:08:14.434"/>
</kw>
<kw name="Convert To Integer" library="BuiltIn">
<var>${price}</var>
<arg>${price}</arg>
<doc>Converts the given item to an integer number.</doc>
<msg timestamp="20221118 17:08:14.437" level="INFO">${price} = 413740</msg>
<status status="PASS" starttime="20221118 17:08:14.435" endtime="20221118 17:08:14.439"/>
</kw>
<kw name="Append To List" library="Collections">
<arg>${priceListInt}</arg>
<arg>${price}</arg>
<doc>Adds ``values`` to the end of ``list``.</doc>
<status status="PASS" starttime="20221118 17:08:14.440" endtime="20221118 17:08:14.443"/>
</kw>
<status status="PASS" starttime="20221118 17:08:14.381" endtime="20221118 17:08:14.443"/>
</iter>
<iter>
<var name="${price}">&lt;selenium.webdriver.remote.webelement.WebElement (session="93d01d44957f11de79ad9a20236ea0c7", element="37b394a7-0845-404f-907e-fdd2a0b78883")&gt;</var>
<kw name="Get Text" library="SeleniumLibrary">
<var>${price}</var>
<arg>${price}</arg>
<doc>Returns the text value of the element identified by ``locator``.</doc>
<msg timestamp="20221118 17:08:14.488" level="INFO">${price} = 3,99,990</msg>
<status status="PASS" starttime="20221118 17:08:14.445" endtime="20221118 17:08:14.489"/>
</kw>
<kw name="Replace String" library="String">
<var>${price}</var>
<arg>${price}</arg>
<arg>,</arg>
<arg>${blank}</arg>
<doc>Replaces ``search_for`` in the given ``string`` with ``replace_with``.</doc>
<msg timestamp="20221118 17:08:14.493" level="INFO">${price} = 399990</msg>
<status status="PASS" starttime="20221118 17:08:14.490" endtime="20221118 17:08:14.494"/>
</kw>
<kw name="Convert To Integer" library="BuiltIn">
<var>${price}</var>
<arg>${price}</arg>
<doc>Converts the given item to an integer number.</doc>
<msg timestamp="20221118 17:08:14.497" level="INFO">${price} = 399990</msg>
<status status="PASS" starttime="20221118 17:08:14.495" endtime="20221118 17:08:14.498"/>
</kw>
<kw name="Append To List" library="Collections">
<arg>${priceListInt}</arg>
<arg>${price}</arg>
<doc>Adds ``values`` to the end of ``list``.</doc>
<status status="PASS" starttime="20221118 17:08:14.500" endtime="20221118 17:08:14.503"/>
</kw>
<status status="PASS" starttime="20221118 17:08:14.444" endtime="20221118 17:08:14.504"/>
</iter>
<iter>
<var name="${price}">&lt;selenium.webdriver.remote.webelement.WebElement (session="93d01d44957f11de79ad9a20236ea0c7", element="89f7954e-8415-41cd-9270-83776c9d81e6")&gt;</var>
<kw name="Get Text" library="SeleniumLibrary">
<var>${price}</var>
<arg>${price}</arg>
<doc>Returns the text value of the element identified by ``locator``.</doc>
<msg timestamp="20221118 17:08:14.540" level="INFO">${price} = 3,71,890</msg>
<status status="PASS" starttime="20221118 17:08:14.506" endtime="20221118 17:08:14.542"/>
</kw>
<kw name="Replace String" library="String">
<var>${price}</var>
<arg>${price}</arg>
<arg>,</arg>
<arg>${blank}</arg>
<doc>Replaces ``search_for`` in the given ``string`` with ``replace_with``.</doc>
<msg timestamp="20221118 17:08:14.546" level="INFO">${price} = 371890</msg>
<status status="PASS" starttime="20221118 17:08:14.543" endtime="20221118 17:08:14.547"/>
</kw>
<kw name="Convert To Integer" library="BuiltIn">
<var>${price}</var>
<arg>${price}</arg>
<doc>Converts the given item to an integer number.</doc>
<msg timestamp="20221118 17:08:14.551" level="INFO">${price} = 371890</msg>
<status status="PASS" starttime="20221118 17:08:14.549" endtime="20221118 17:08:14.553"/>
</kw>
<kw name="Append To List" library="Collections">
<arg>${priceListInt}</arg>
<arg>${price}</arg>
<doc>Adds ``values`` to the end of ``list``.</doc>
<status status="PASS" starttime="20221118 17:08:14.554" endtime="20221118 17:08:14.556"/>
</kw>
<status status="PASS" starttime="20221118 17:08:14.505" endtime="20221118 17:08:14.556"/>
</iter>
<iter>
<var name="${price}">&lt;selenium.webdriver.remote.webelement.WebElement (session="93d01d44957f11de79ad9a20236ea0c7", element="ae2adddc-34a6-4b71-ba7c-29e8d37fce1a")&gt;</var>
<kw name="Get Text" library="SeleniumLibrary">
<var>${price}</var>
<arg>${price}</arg>
<doc>Returns the text value of the element identified by ``locator``.</doc>
<msg timestamp="20221118 17:08:14.610" level="INFO">${price} = 3,41,900</msg>
<status status="PASS" starttime="20221118 17:08:14.559" endtime="20221118 17:08:14.612"/>
</kw>
<kw name="Replace String" library="String">
<var>${price}</var>
<arg>${price}</arg>
<arg>,</arg>
<arg>${blank}</arg>
<doc>Replaces ``search_for`` in the given ``string`` with ``replace_with``.</doc>
<msg timestamp="20221118 17:08:14.616" level="INFO">${price} = 341900</msg>
<status status="PASS" starttime="20221118 17:08:14.613" endtime="20221118 17:08:14.617"/>
</kw>
<kw name="Convert To Integer" library="BuiltIn">
<var>${price}</var>
<arg>${price}</arg>
<doc>Converts the given item to an integer number.</doc>
<msg timestamp="20221118 17:08:14.621" level="INFO">${price} = 341900</msg>
<status status="PASS" starttime="20221118 17:08:14.618" endtime="20221118 17:08:14.623"/>
</kw>
<kw name="Append To List" library="Collections">
<arg>${priceListInt}</arg>
<arg>${price}</arg>
<doc>Adds ``values`` to the end of ``list``.</doc>
<status status="PASS" starttime="20221118 17:08:14.624" endtime="20221118 17:08:14.626"/>
</kw>
<status status="PASS" starttime="20221118 17:08:14.557" endtime="20221118 17:08:14.626"/>
</iter>
<iter>
<var name="${price}">&lt;selenium.webdriver.remote.webelement.WebElement (session="93d01d44957f11de79ad9a20236ea0c7", element="7ea6b3ee-120b-4758-9288-891d37d3ec87")&gt;</var>
<kw name="Get Text" library="SeleniumLibrary">
<var>${price}</var>
<arg>${price}</arg>
<doc>Returns the text value of the element identified by ``locator``.</doc>
<msg timestamp="20221118 17:08:14.672" level="INFO">${price} = 3,32,490</msg>
<status status="PASS" starttime="20221118 17:08:14.629" endtime="20221118 17:08:14.673"/>
</kw>
<kw name="Replace String" library="String">
<var>${price}</var>
<arg>${price}</arg>
<arg>,</arg>
<arg>${blank}</arg>
<doc>Replaces ``search_for`` in the given ``string`` with ``replace_with``.</doc>
<msg timestamp="20221118 17:08:14.676" level="INFO">${price} = 332490</msg>
<status status="PASS" starttime="20221118 17:08:14.674" endtime="20221118 17:08:14.678"/>
</kw>
<kw name="Convert To Integer" library="BuiltIn">
<var>${price}</var>
<arg>${price}</arg>
<doc>Converts the given item to an integer number.</doc>
<msg timestamp="20221118 17:08:14.682" level="INFO">${price} = 332490</msg>
<status status="PASS" starttime="20221118 17:08:14.679" endtime="20221118 17:08:14.685"/>
</kw>
<kw name="Append To List" library="Collections">
<arg>${priceListInt}</arg>
<arg>${price}</arg>
<doc>Adds ``values`` to the end of ``list``.</doc>
<status status="PASS" starttime="20221118 17:08:14.685" endtime="20221118 17:08:14.688"/>
</kw>
<status status="PASS" starttime="20221118 17:08:14.627" endtime="20221118 17:08:14.689"/>
</iter>
<iter>
<var name="${price}">&lt;selenium.webdriver.remote.webelement.WebElement (session="93d01d44957f11de79ad9a20236ea0c7", element="2cefd357-403f-4b5b-ad4c-a559be479de1")&gt;</var>
<kw name="Get Text" library="SeleniumLibrary">
<var>${price}</var>
<arg>${price}</arg>
<doc>Returns the text value of the element identified by ``locator``.</doc>
<msg timestamp="20221118 17:08:14.727" level="INFO">${price} = 3,19,990</msg>
<status status="PASS" starttime="20221118 17:08:14.690" endtime="20221118 17:08:14.729"/>
</kw>
<kw name="Replace String" library="String">
<var>${price}</var>
<arg>${price}</arg>
<arg>,</arg>
<arg>${blank}</arg>
<doc>Replaces ``search_for`` in the given ``string`` with ``replace_with``.</doc>
<msg timestamp="20221118 17:08:14.733" level="INFO">${price} = 319990</msg>
<status status="PASS" starttime="20221118 17:08:14.730" endtime="20221118 17:08:14.736"/>
</kw>
<kw name="Convert To Integer" library="BuiltIn">
<var>${price}</var>
<arg>${price}</arg>
<doc>Converts the given item to an integer number.</doc>
<msg timestamp="20221118 17:08:14.739" level="INFO">${price} = 319990</msg>
<status status="PASS" starttime="20221118 17:08:14.736" endtime="20221118 17:08:14.741"/>
</kw>
<kw name="Append To List" library="Collections">
<arg>${priceListInt}</arg>
<arg>${price}</arg>
<doc>Adds ``values`` to the end of ``list``.</doc>
<status status="PASS" starttime="20221118 17:08:14.742" endtime="20221118 17:08:14.744"/>
</kw>
<status status="PASS" starttime="20221118 17:08:14.689" endtime="20221118 17:08:14.745"/>
</iter>
<iter>
<var name="${price}">&lt;selenium.webdriver.remote.webelement.WebElement (session="93d01d44957f11de79ad9a20236ea0c7", element="ef342bb4-2bcc-444f-9369-af23f48120fa")&gt;</var>
<kw name="Get Text" library="SeleniumLibrary">
<var>${price}</var>
<arg>${price}</arg>
<doc>Returns the text value of the element identified by ``locator``.</doc>
<msg timestamp="20221118 17:08:14.785" level="INFO">${price} = 2,65,990</msg>
<status status="PASS" starttime="20221118 17:08:14.747" endtime="20221118 17:08:14.786"/>
</kw>
<kw name="Replace String" library="String">
<var>${price}</var>
<arg>${price}</arg>
<arg>,</arg>
<arg>${blank}</arg>
<doc>Replaces ``search_for`` in the given ``string`` with ``replace_with``.</doc>
<msg timestamp="20221118 17:08:14.789" level="INFO">${price} = 265990</msg>
<status status="PASS" starttime="20221118 17:08:14.787" endtime="20221118 17:08:14.791"/>
</kw>
<kw name="Convert To Integer" library="BuiltIn">
<var>${price}</var>
<arg>${price}</arg>
<doc>Converts the given item to an integer number.</doc>
<msg timestamp="20221118 17:08:14.794" level="INFO">${price} = 265990</msg>
<status status="PASS" starttime="20221118 17:08:14.792" endtime="20221118 17:08:14.796"/>
</kw>
<kw name="Append To List" library="Collections">
<arg>${priceListInt}</arg>
<arg>${price}</arg>
<doc>Adds ``values`` to the end of ``list``.</doc>
<status status="PASS" starttime="20221118 17:08:14.797" endtime="20221118 17:08:14.801"/>
</kw>
<status status="PASS" starttime="20221118 17:08:14.745" endtime="20221118 17:08:14.801"/>
</iter>
<iter>
<var name="${price}">&lt;selenium.webdriver.remote.webelement.WebElement (session="93d01d44957f11de79ad9a20236ea0c7", element="6c2b1bea-606e-418b-a882-63f661f0afb0")&gt;</var>
<kw name="Get Text" library="SeleniumLibrary">
<var>${price}</var>
<arg>${price}</arg>
<doc>Returns the text value of the element identified by ``locator``.</doc>
<msg timestamp="20221118 17:08:14.844" level="INFO">${price} = 2,59,999</msg>
<status status="PASS" starttime="20221118 17:08:14.803" endtime="20221118 17:08:14.845"/>
</kw>
<kw name="Replace String" library="String">
<var>${price}</var>
<arg>${price}</arg>
<arg>,</arg>
<arg>${blank}</arg>
<doc>Replaces ``search_for`` in the given ``string`` with ``replace_with``.</doc>
<msg timestamp="20221118 17:08:14.849" level="INFO">${price} = 259999</msg>
<status status="PASS" starttime="20221118 17:08:14.846" endtime="20221118 17:08:14.851"/>
</kw>
<kw name="Convert To Integer" library="BuiltIn">
<var>${price}</var>
<arg>${price}</arg>
<doc>Converts the given item to an integer number.</doc>
<msg timestamp="20221118 17:08:14.855" level="INFO">${price} = 259999</msg>
<status status="PASS" starttime="20221118 17:08:14.852" endtime="20221118 17:08:14.856"/>
</kw>
<kw name="Append To List" library="Collections">
<arg>${priceListInt}</arg>
<arg>${price}</arg>
<doc>Adds ``values`` to the end of ``list``.</doc>
<status status="PASS" starttime="20221118 17:08:14.857" endtime="20221118 17:08:14.859"/>
</kw>
<status status="PASS" starttime="20221118 17:08:14.802" endtime="20221118 17:08:14.859"/>
</iter>
<iter>
<var name="${price}">&lt;selenium.webdriver.remote.webelement.WebElement (session="93d01d44957f11de79ad9a20236ea0c7", element="5858e3a6-d3d8-4d69-9594-56b866260320")&gt;</var>
<kw name="Get Text" library="SeleniumLibrary">
<var>${price}</var>
<arg>${price}</arg>
<doc>Returns the text value of the element identified by ``locator``.</doc>
<msg timestamp="20221118 17:08:14.905" level="INFO">${price} = 34,999</msg>
<status status="PASS" starttime="20221118 17:08:14.863" endtime="20221118 17:08:14.906"/>
</kw>
<kw name="Replace String" library="String">
<var>${price}</var>
<arg>${price}</arg>
<arg>,</arg>
<arg>${blank}</arg>
<doc>Replaces ``search_for`` in the given ``string`` with ``replace_with``.</doc>
<msg timestamp="20221118 17:08:14.910" level="INFO">${price} = 34999</msg>
<status status="PASS" starttime="20221118 17:08:14.907" endtime="20221118 17:08:14.911"/>
</kw>
<kw name="Convert To Integer" library="BuiltIn">
<var>${price}</var>
<arg>${price}</arg>
<doc>Converts the given item to an integer number.</doc>
<msg timestamp="20221118 17:08:14.914" level="INFO">${price} = 34999</msg>
<status status="PASS" starttime="20221118 17:08:14.912" endtime="20221118 17:08:14.916"/>
</kw>
<kw name="Append To List" library="Collections">
<arg>${priceListInt}</arg>
<arg>${price}</arg>
<doc>Adds ``values`` to the end of ``list``.</doc>
<status status="PASS" starttime="20221118 17:08:14.917" endtime="20221118 17:08:14.920"/>
</kw>
<status status="PASS" starttime="20221118 17:08:14.860" endtime="20221118 17:08:14.920"/>
</iter>
<iter>
<var name="${price}">&lt;selenium.webdriver.remote.webelement.WebElement (session="93d01d44957f11de79ad9a20236ea0c7", element="da5d03fd-9996-4fb6-baef-3a3c6a15f63c")&gt;</var>
<kw name="Get Text" library="SeleniumLibrary">
<var>${price}</var>
<arg>${price}</arg>
<doc>Returns the text value of the element identified by ``locator``.</doc>
<msg timestamp="20221118 17:08:14.968" level="INFO">${price} = 12,499</msg>
<status status="PASS" starttime="20221118 17:08:14.923" endtime="20221118 17:08:14.970"/>
</kw>
<kw name="Replace String" library="String">
<var>${price}</var>
<arg>${price}</arg>
<arg>,</arg>
<arg>${blank}</arg>
<doc>Replaces ``search_for`` in the given ``string`` with ``replace_with``.</doc>
<msg timestamp="20221118 17:08:14.972" level="INFO">${price} = 12499</msg>
<status status="PASS" starttime="20221118 17:08:14.970" endtime="20221118 17:08:14.973"/>
</kw>
<kw name="Convert To Integer" library="BuiltIn">
<var>${price}</var>
<arg>${price}</arg>
<doc>Converts the given item to an integer number.</doc>
<msg timestamp="20221118 17:08:14.975" level="INFO">${price} = 12499</msg>
<status status="PASS" starttime="20221118 17:08:14.974" endtime="20221118 17:08:14.977"/>
</kw>
<kw name="Append To List" library="Collections">
<arg>${priceListInt}</arg>
<arg>${price}</arg>
<doc>Adds ``values`` to the end of ``list``.</doc>
<status status="PASS" starttime="20221118 17:08:14.979" endtime="20221118 17:08:14.980"/>
</kw>
<status status="PASS" starttime="20221118 17:08:14.921" endtime="20221118 17:08:14.981"/>
</iter>
<status status="PASS" starttime="20221118 17:08:13.947" endtime="20221118 17:08:14.981"/>
</for>
<kw name="Copy List" library="Collections">
<var>${priceListIntCopy}</var>
<arg>${priceListInt}</arg>
<doc>Returns a copy of the given list.</doc>
<msg timestamp="20221118 17:08:14.984" level="INFO">${priceListIntCopy} = [1249990, 699990, 619990, 600000, 550990, 474990, 425990, 413740, 399990, 371890, 341900, 332490, 319990, 265990, 259999, 34999, 12499]</msg>
<status status="PASS" starttime="20221118 17:08:14.982" endtime="20221118 17:08:14.987"/>
</kw>
<kw name="Reverse List" library="Collections">
<arg>${priceListIntCopy}</arg>
<doc>Reverses the given list in place.</doc>
<status status="PASS" starttime="20221118 17:08:14.987" endtime="20221118 17:08:14.989"/>
</kw>
<kw name="Sort List" library="Collections">
<arg>${priceListInt}</arg>
<doc>Sorts the given list in place.</doc>
<status status="PASS" starttime="20221118 17:08:14.990" endtime="20221118 17:08:14.991"/>
</kw>
<kw name="Should Be Equal" library="BuiltIn">
<arg>${priceListIntCopy}</arg>
<arg>${priceListInt}</arg>
<doc>Fails if the given objects are unequal.</doc>
<status status="PASS" starttime="20221118 17:08:14.992" endtime="20221118 17:08:14.995"/>
</kw>
<status status="PASS" starttime="20221118 17:08:08.893" endtime="20221118 17:08:14.996"/>
</kw>
<status status="PASS" starttime="20221118 17:08:06.177" endtime="20221118 17:08:14.998"/>
</kw>
<kw name="End Web Test" library="Common" type="TEARDOWN">
<kw name="Close All Browsers" library="SeleniumLibrary">
<doc>Closes all open browsers and resets the browser cache.</doc>
<status status="PASS" starttime="20221118 17:08:15.009" endtime="20221118 17:08:17.803"/>
</kw>
<status status="PASS" starttime="20221118 17:08:15.006" endtime="20221118 17:08:17.803"/>
</kw>
<status status="PASS" starttime="20221118 17:07:56.404" endtime="20221118 17:08:17.804"/>
</test>
<test id="s1-s1-s1-t4" name="Verify Avg. Customer Review Filter Working Correctly" line="29">
<kw name="Begin Web Test" library="Common" type="SETUP">
<kw name="Open Browser" library="SeleniumLibrary">
<arg>about:blank</arg>
<arg>${Browser}</arg>
<doc>Opens a new browser instance to the optional ``url``.</doc>
<msg timestamp="20221118 17:08:17.811" level="INFO">Opening browser 'chrome' to base url 'about:blank'.</msg>
<status status="PASS" starttime="20221118 17:08:17.810" endtime="20221118 17:08:19.669"/>
</kw>
<kw name="Maximize Browser Window" library="SeleniumLibrary">
<doc>Maximizes current browser window.</doc>
<status status="PASS" starttime="20221118 17:08:19.670" endtime="20221118 17:08:19.796"/>
</kw>
<status status="PASS" starttime="20221118 17:08:17.809" endtime="20221118 17:08:19.797"/>
</kw>
<kw name="Open Application" library="Amazon">
<kw name="Load" library="LandingPage">
<kw name="Go To" library="SeleniumLibrary">
<arg>${AmazonLink}</arg>
<doc>Navigates the current browser window to the provided ``url``.</doc>
<msg timestamp="20221118 17:08:19.807" level="INFO">Opening url 'https://amazon.in/'</msg>
<status status="PASS" starttime="20221118 17:08:19.806" endtime="20221118 17:08:23.904"/>
</kw>
<status status="PASS" starttime="20221118 17:08:19.804" endtime="20221118 17:08:23.905"/>
</kw>
<status status="PASS" starttime="20221118 17:08:19.799" endtime="20221118 17:08:23.906"/>
</kw>
<kw name="Search For Product" library="Amazon">
<kw name="Search For Product" library="Search">
<kw name="Input Text" library="SeleniumLibrary">
<arg>id=twotabsearchtextbox</arg>
<arg>${SearchTerm}</arg>
<doc>Types the given ``text`` into the text field identified by ``locator``.</doc>
<msg timestamp="20221118 17:08:23.914" level="INFO">Typing text 'TV' into text field 'id=twotabsearchtextbox'.</msg>
<status status="PASS" starttime="20221118 17:08:23.911" endtime="20221118 17:08:24.803"/>
</kw>
<kw name="Click Button" library="SeleniumLibrary">
<arg>id=nav-search-submit-button</arg>
<doc>Clicks the button identified by ``locator``.</doc>
<msg timestamp="20221118 17:08:24.804" level="INFO">Clicking button 'id=nav-search-submit-button'.</msg>
<status status="PASS" starttime="20221118 17:08:24.803" endtime="20221118 17:08:27.794"/>
</kw>
<status status="PASS" starttime="20221118 17:08:23.910" endtime="20221118 17:08:27.795"/>
</kw>
<kw name="Verify Search Results" library="Resultpage">
<kw name="Wait Until Page Contains" library="SeleniumLibrary">
<arg>${searchResults}</arg>
<doc>Waits until ``text`` appears on the current page.</doc>
<status status="PASS" starttime="20221118 17:08:27.797" endtime="20221118 17:08:28.046"/>
</kw>
<status status="PASS" starttime="20221118 17:08:27.796" endtime="20221118 17:08:28.048"/>
</kw>
<status status="PASS" starttime="20221118 17:08:23.908" endtime="20221118 17:08:28.049"/>
</kw>
<kw name="Change Filter To &quot;Avg. Customer Review&quot;" library="resultpageDefinition">
<kw name="Change Filter to &quot;Avg. Customer Review&quot; and Verify" library="Resultpage">
<kw name="Click Element" library="SeleniumLibrary">
<arg>css=#a-autoid-0-announce &gt; span.a-dropdown-prompt</arg>
<doc>Click the element identified by ``locator``.</doc>
<msg timestamp="20221118 17:08:28.054" level="INFO">Clicking element 'css=#a-autoid-0-announce &gt; span.a-dropdown-prompt'.</msg>
<status status="PASS" starttime="20221118 17:08:28.052" endtime="20221118 17:08:28.507"/>
</kw>
<kw name="Sleep" library="BuiltIn">
<arg>1</arg>
<doc>Pauses the test executed for the given time.</doc>
<msg timestamp="20221118 17:08:29.518" level="INFO">Slept 1 second</msg>
<status status="PASS" starttime="20221118 17:08:28.508" endtime="20221118 17:08:29.520"/>
</kw>
<kw name="Click Element" library="SeleniumLibrary">
<arg>id=s-result-sort-select_3</arg>
<doc>Click the element identified by ``locator``.</doc>
<msg timestamp="20221118 17:08:29.523" level="INFO">Clicking element 'id=s-result-sort-select_3'.</msg>
<status status="PASS" starttime="20221118 17:08:29.522" endtime="20221118 17:08:29.703"/>
</kw>
<kw name="Wait Until Element Contains" library="SeleniumLibrary">
<arg>css=#a-autoid-0-announce &gt; span.a-dropdown-prompt</arg>
<arg>Avg. Customer Review</arg>
<doc>Waits until the element ``locator`` contains ``text``.</doc>
<status status="PASS" starttime="20221118 17:08:29.704" endtime="20221118 17:08:29.743"/>
</kw>
<status status="PASS" starttime="20221118 17:08:28.051" endtime="20221118 17:08:29.744"/>
</kw>
<status status="PASS" starttime="20221118 17:08:28.050" endtime="20221118 17:08:29.744"/>
</kw>
<kw name="End Web Test" library="Common" type="TEARDOWN">
<kw name="Close All Browsers" library="SeleniumLibrary">
<doc>Closes all open browsers and resets the browser cache.</doc>
<status status="PASS" starttime="20221118 17:08:29.749" endtime="20221118 17:08:36.378"/>
</kw>
<status status="PASS" starttime="20221118 17:08:29.744" endtime="20221118 17:08:36.379"/>
</kw>
<status status="PASS" starttime="20221118 17:08:17.806" endtime="20221118 17:08:36.381"/>
</test>
<test id="s1-s1-s1-t5" name="Verify Newest Arrivals Filter Working Correctly" line="33">
<kw name="Begin Web Test" library="Common" type="SETUP">
<kw name="Open Browser" library="SeleniumLibrary">
<arg>about:blank</arg>
<arg>${Browser}</arg>
<doc>Opens a new browser instance to the optional ``url``.</doc>
<msg timestamp="20221118 17:08:36.389" level="INFO">Opening browser 'chrome' to base url 'about:blank'.</msg>
<status status="PASS" starttime="20221118 17:08:36.388" endtime="20221118 17:08:38.300"/>
</kw>
<kw name="Maximize Browser Window" library="SeleniumLibrary">
[...]
<status status="PASS" starttime="20221118 17:13:12.214" endtime="20221118 17:13:12.217"/>
</kw>
<status status="PASS" starttime="20221118 17:13:12.177" endtime="20221118 17:13:12.217"/>
</iter>
<iter>
<var name="${product}">&lt;selenium.webdriver.remote.webelement.WebElement (session="74166a680ca2d923e376b64bd3804a6d", element="24c05639-1313-4803-b062-3281a5396121")&gt;</var>
<kw name="Get Text" library="SeleniumLibrary">
<var>${product}</var>
<arg>${product}</arg>
<doc>Returns the text value of the element identified by ``locator``.</doc>
<msg timestamp="20221118 17:13:12.252" level="INFO">${product} = Mi 125.7 cm (50 inches) 5X Series 4K Ultra HD LED Smart Android TV L50M6-ES (Grey)</msg>
<status status="PASS" starttime="20221118 17:13:12.218" endtime="20221118 17:13:12.253"/>
</kw>
<kw name="Should Contain" library="BuiltIn">
<arg>${product}</arg>
<arg>${brandName}</arg>
<arg>ignore_case=True</arg>
<doc>Fails if ``container`` does not contain ``item`` one or more times.</doc>
<status status="PASS" starttime="20221118 17:13:12.253" endtime="20221118 17:13:12.254"/>
</kw>
<status status="PASS" starttime="20221118 17:13:12.217" endtime="20221118 17:13:12.255"/>
</iter>
<iter>
<var name="${product}">&lt;selenium.webdriver.remote.webelement.WebElement (session="74166a680ca2d923e376b64bd3804a6d", element="ef897942-93d3-4dcd-9db1-7b7747beb000")&gt;</var>
<kw name="Get Text" library="SeleniumLibrary">
<var>${product}</var>
<arg>${product}</arg>
<doc>Returns the text value of the element identified by ``locator``.</doc>
<msg timestamp="20221118 17:13:12.282" level="INFO">${product} = Mi 138.8 cm (55 inches) 5X Series 4K Ultra HD LED Smart Android TV L55M6-ES (Grey)</msg>
<status status="PASS" starttime="20221118 17:13:12.256" endtime="20221118 17:13:12.285"/>
</kw>
<kw name="Should Contain" library="BuiltIn">
<arg>${product}</arg>
<arg>${brandName}</arg>
<arg>ignore_case=True</arg>
<doc>Fails if ``container`` does not contain ``item`` one or more times.</doc>
<status status="PASS" starttime="20221118 17:13:12.286" endtime="20221118 17:13:12.288"/>
</kw>
<status status="PASS" starttime="20221118 17:13:12.255" endtime="20221118 17:13:12.289"/>
</iter>
<iter>
<var name="${product}">&lt;selenium.webdriver.remote.webelement.WebElement (session="74166a680ca2d923e376b64bd3804a6d", element="57f1afaf-6399-46b3-a1b1-fd29cf327f98")&gt;</var>
<kw name="Get Text" library="SeleniumLibrary">
<var>${product}</var>
<arg>${product}</arg>
<doc>Returns the text value of the element identified by ``locator``.</doc>
<msg timestamp="20221118 17:13:12.313" level="INFO">${product} = Xiaomi 138.8 cm (55 inches) 4K Ultra HD Smart Android OLED Vision TV O55M7-Z2IN (Black)</msg>
<status status="PASS" starttime="20221118 17:13:12.290" endtime="20221118 17:13:12.315"/>
</kw>
<kw name="Should Contain" library="BuiltIn">
<arg>${product}</arg>
<arg>${brandName}</arg>
<arg>ignore_case=True</arg>
<doc>Fails if ``container`` does not contain ``item`` one or more times.</doc>
<status status="PASS" starttime="20221118 17:13:12.316" endtime="20221118 17:13:12.318"/>
</kw>
<status status="PASS" starttime="20221118 17:13:12.289" endtime="20221118 17:13:12.319"/>
</iter>
<iter>
<var name="${product}">&lt;selenium.webdriver.remote.webelement.WebElement (session="74166a680ca2d923e376b64bd3804a6d", element="07cc1690-8105-446a-b949-dfbcd66255d5")&gt;</var>
<kw name="Get Text" library="SeleniumLibrary">
<var>${product}</var>
<arg>${product}</arg>
<doc>Returns the text value of the element identified by ``locator``.</doc>
<msg timestamp="20221118 17:13:12.341" level="INFO">${product} = Mi 80 cm (32 inches) Horizon Edition HD Ready Android Smart LED TV 4A | L32M6-EI (Grey)</msg>
<status status="PASS" starttime="20221118 17:13:12.320" endtime="20221118 17:13:12.341"/>
</kw>
<kw name="Should Contain" library="BuiltIn">
<arg>${product}</arg>
<arg>${brandName}</arg>
<arg>ignore_case=True</arg>
<doc>Fails if ``container`` does not contain ``item`` one or more times.</doc>
<status status="PASS" starttime="20221118 17:13:12.342" endtime="20221118 17:13:12.344"/>
</kw>
<status status="PASS" starttime="20221118 17:13:12.319" endtime="20221118 17:13:12.345"/>
</iter>
<iter>
<var name="${product}">&lt;selenium.webdriver.remote.webelement.WebElement (session="74166a680ca2d923e376b64bd3804a6d", element="64bac3fa-c651-4294-b088-c72597951aaf")&gt;</var>
<kw name="Get Text" library="SeleniumLibrary">
<var>${product}</var>
<arg>${product}</arg>
<doc>Returns the text value of the element identified by ``locator``.</doc>
<msg timestamp="20221118 17:13:12.369" level="INFO">${product} = Mi 108 cm (43 inches) Horizon Edition Full HD Android LED TV 4A | L43M6-EI (Black)</msg>
<status status="PASS" starttime="20221118 17:13:12.346" endtime="20221118 17:13:12.369"/>
</kw>
<kw name="Should Contain" library="BuiltIn">
<arg>${product}</arg>
<arg>${brandName}</arg>
<arg>ignore_case=True</arg>
<doc>Fails if ``container`` does not contain ``item`` one or more times.</doc>
<status status="PASS" starttime="20221118 17:13:12.370" endtime="20221118 17:13:12.371"/>
</kw>
<status status="PASS" starttime="20221118 17:13:12.345" endtime="20221118 17:13:12.371"/>
</iter>
<iter>
<var name="${product}">&lt;selenium.webdriver.remote.webelement.WebElement (session="74166a680ca2d923e376b64bd3804a6d", element="82fe0413-b0a4-4a53-a3eb-63ead91e423b")&gt;</var>
<kw name="Get Text" library="SeleniumLibrary">
<var>${product}</var>
<arg>${product}</arg>
<doc>Returns the text value of the element identified by ``locator``.</doc>
<msg timestamp="20221118 17:13:12.394" level="INFO">${product} = Mi 189.34cm (75 inches) Q1 Series 4K Ultra HD Smart QLED TV L75M6-ESG (Metallic Grey)</msg>
<status status="PASS" starttime="20221118 17:13:12.372" endtime="20221118 17:13:12.395"/>
</kw>
<kw name="Should Contain" library="BuiltIn">
<arg>${product}</arg>
<arg>${brandName}</arg>
<arg>ignore_case=True</arg>
<doc>Fails if ``container`` does not contain ``item`` one or more times.</doc>
<status status="PASS" starttime="20221118 17:13:12.396" endtime="20221118 17:13:12.397"/>
</kw>
<status status="PASS" starttime="20221118 17:13:12.371" endtime="20221118 17:13:12.398"/>
</iter>
<iter>
<var name="${product}">&lt;selenium.webdriver.remote.webelement.WebElement (session="74166a680ca2d923e376b64bd3804a6d", element="a17e7e49-53d6-4a78-a2d0-c8671a210dfb")&gt;</var>
<kw name="Get Text" library="SeleniumLibrary">
<var>${product}</var>
<arg>${product}</arg>
<doc>Returns the text value of the element identified by ``locator``.</doc>
<msg timestamp="20221118 17:13:12.422" level="INFO">${product} = Mi 138.8 cm (55 inches) Q1 Series 4K Ultra HD Smart QLED TV | L55M6-EQG (Metallic Grey)</msg>
<status status="PASS" starttime="20221118 17:13:12.400" endtime="20221118 17:13:12.423"/>
</kw>
<kw name="Should Contain" library="BuiltIn">
<arg>${product}</arg>
<arg>${brandName}</arg>
<arg>ignore_case=True</arg>
<doc>Fails if ``container`` does not contain ``item`` one or more times.</doc>
<status status="PASS" starttime="20221118 17:13:12.423" endtime="20221118 17:13:12.424"/>
</kw>
<status status="PASS" starttime="20221118 17:13:12.398" endtime="20221118 17:13:12.424"/>
</iter>
<iter>
<var name="${product}">&lt;selenium.webdriver.remote.webelement.WebElement (session="74166a680ca2d923e376b64bd3804a6d", element="518f7268-eb5f-4fed-91fd-e1db55b920eb")&gt;</var>
<kw name="Get Text" library="SeleniumLibrary">
<var>${product}</var>
<arg>${product}</arg>
<doc>Returns the text value of the element identified by ``locator``.</doc>
<msg timestamp="20221118 17:13:12.452" level="INFO">${product} = Mi 108 cm (43 Inches) 4K Ultra HD Smart Android LED TV L43M4-4AIN (Black) (2019 Model)</msg>
<status status="PASS" starttime="20221118 17:13:12.425" endtime="20221118 17:13:12.453"/>
</kw>
<kw name="Should Contain" library="BuiltIn">
<arg>${product}</arg>
<arg>${brandName}</arg>
<arg>ignore_case=True</arg>
<doc>Fails if ``container`` does not contain ``item`` one or more times.</doc>
<status status="PASS" starttime="20221118 17:13:12.453" endtime="20221118 17:13:12.454"/>
</kw>
<status status="PASS" starttime="20221118 17:13:12.425" endtime="20221118 17:13:12.455"/>
</iter>
<iter>
<var name="${product}">&lt;selenium.webdriver.remote.webelement.WebElement (session="74166a680ca2d923e376b64bd3804a6d", element="afe3ca26-c9a3-4eca-a274-587c514cddaf")&gt;</var>
<kw name="Get Text" library="SeleniumLibrary">
<var>${product}</var>
<arg>${product}</arg>
<doc>Returns the text value of the element identified by ``locator``.</doc>
<msg timestamp="20221118 17:13:12.477" level="INFO">${product} = Mi 138.88 cm (55 Inches) 4K Ultra HD Android Smart LED TV 4 PRO | L55M5-AN (Black)</msg>
<status status="PASS" starttime="20221118 17:13:12.455" endtime="20221118 17:13:12.479"/>
</kw>
<kw name="Should Contain" library="BuiltIn">
<arg>${product}</arg>
<arg>${brandName}</arg>
<arg>ignore_case=True</arg>
<doc>Fails if ``container`` does not contain ``item`` one or more times.</doc>
<status status="PASS" starttime="20221118 17:13:12.479" endtime="20221118 17:13:12.482"/>
</kw>
<status status="PASS" starttime="20221118 17:13:12.455" endtime="20221118 17:13:12.482"/>
</iter>
<iter>
<var name="${product}">&lt;selenium.webdriver.remote.webelement.WebElement (session="74166a680ca2d923e376b64bd3804a6d", element="4ed417e0-9105-4578-99d8-7dd0d506b145")&gt;</var>
<kw name="Get Text" library="SeleniumLibrary">
<var>${product}</var>
<arg>${product}</arg>
<doc>Returns the text value of the element identified by ``locator``.</doc>
<msg timestamp="20221118 17:13:12.506" level="INFO">${product} = (Renewed) MI Soundbar 28 Watt Wireless Bluetooth Speaker (White)</msg>
<status status="PASS" starttime="20221118 17:13:12.484" endtime="20221118 17:13:12.507"/>
</kw>
<kw name="Should Contain" library="BuiltIn">
<arg>${product}</arg>
<arg>${brandName}</arg>
<arg>ignore_case=True</arg>
<doc>Fails if ``container`` does not contain ``item`` one or more times.</doc>
<status status="PASS" starttime="20221118 17:13:12.507" endtime="20221118 17:13:12.508"/>
</kw>
<status status="PASS" starttime="20221118 17:13:12.483" endtime="20221118 17:13:12.509"/>
</iter>
<iter>
<var name="${product}">&lt;selenium.webdriver.remote.webelement.WebElement (session="74166a680ca2d923e376b64bd3804a6d", element="25d85fe4-6a8f-4d3f-b900-366d5e6334ce")&gt;</var>
<kw name="Get Text" library="SeleniumLibrary">
<var>${product}</var>
<arg>${product}</arg>
<doc>Returns the text value of the element identified by ``locator``.</doc>
<msg timestamp="20221118 17:13:12.534" level="INFO">${product} = MI Xiaomi Wireless Home Security Camera 2i 2022 Edition | Full HD Picture | 360° View | 2MP | AI Powered Motion Detection | Enhanced Night Vision| Talk Back Feature (2 Way Calling), 1080p, White</msg>
<status status="PASS" starttime="20221118 17:13:12.510" endtime="20221118 17:13:12.535"/>
</kw>
<kw name="Should Contain" library="BuiltIn">
<arg>${product}</arg>
<arg>${brandName}</arg>
<arg>ignore_case=True</arg>
<doc>Fails if ``container`` does not contain ``item`` one or more times.</doc>
<status status="PASS" starttime="20221118 17:13:12.535" endtime="20221118 17:13:12.536"/>
</kw>
<status status="PASS" starttime="20221118 17:13:12.510" endtime="20221118 17:13:12.537"/>
</iter>
<iter>
<var name="${product}">&lt;selenium.webdriver.remote.webelement.WebElement (session="74166a680ca2d923e376b64bd3804a6d", element="a8cb9fd7-3d02-477f-a77f-70d36ca30a7b")&gt;</var>
<kw name="Get Text" library="SeleniumLibrary">
<var>${product}</var>
<arg>${product}</arg>
<doc>Returns the text value of the element identified by ``locator``.</doc>
<msg timestamp="20221118 17:13:12.571" level="INFO">${product} = Mi 360° Home Security Wireless Camera 2K Pro with Bluetooth Gateway BLE 4.2 l Dual Band Wi-fi Connection l 3 Million 1296p| Full Color in Low-Light | AI Human Detection, White</msg>
<status status="PASS" starttime="20221118 17:13:12.538" endtime="20221118 17:13:12.571"/>
</kw>
<kw name="Should Contain" library="BuiltIn">
<arg>${product}</arg>
<arg>${brandName}</arg>
<arg>ignore_case=True</arg>
<doc>Fails if ``container`` does not contain ``item`` one or more times.</doc>
<status status="PASS" starttime="20221118 17:13:12.572" endtime="20221118 17:13:12.573"/>
</kw>
<status status="PASS" starttime="20221118 17:13:12.537" endtime="20221118 17:13:12.573"/>
</iter>
<iter>
<var name="${product}">&lt;selenium.webdriver.remote.webelement.WebElement (session="74166a680ca2d923e376b64bd3804a6d", element="b9d9bba9-b0fa-4057-93a8-245220b5a220")&gt;</var>
<kw name="Get Text" library="SeleniumLibrary">
<var>${product}</var>
<arg>${product}</arg>
<doc>Returns the text value of the element identified by ``locator``.</doc>
<msg timestamp="20221118 17:13:12.659" level="INFO">${product} = Mi Portable Bluetooth Speaker with 16W Hi-Quality Speaker, Type C Charging, Upto 13hrs of Playback Time &amp; IPX7 Waterproof (Black)</msg>
<status status="PASS" starttime="20221118 17:13:12.574" endtime="20221118 17:13:12.661"/>
</kw>
<kw name="Should Contain" library="BuiltIn">
<arg>${product}</arg>
<arg>${brandName}</arg>
<arg>ignore_case=True</arg>
<doc>Fails if ``container`` does not contain ``item`` one or more times.</doc>
<status status="PASS" starttime="20221118 17:13:12.662" endtime="20221118 17:13:12.664"/>
</kw>
<status status="PASS" starttime="20221118 17:13:12.574" endtime="20221118 17:13:12.665"/>
</iter>
<iter>
<var name="${product}">&lt;selenium.webdriver.remote.webelement.WebElement (session="74166a680ca2d923e376b64bd3804a6d", element="06d5aadb-8383-460f-933f-eab9d17bbecc")&gt;</var>
<kw name="Get Text" library="SeleniumLibrary">
<var>${product}</var>
<arg>${product}</arg>
<doc>Returns the text value of the element identified by ``locator``.</doc>
<msg timestamp="20221118 17:13:12.693" level="INFO">${product} = MI Super Bass Bluetooth Wireless On Ear Headphones with Mic (Black and Red)</msg>
<status status="PASS" starttime="20221118 17:13:12.668" endtime="20221118 17:13:12.695"/>
</kw>
<kw name="Should Contain" library="BuiltIn">
<arg>${product}</arg>
<arg>${brandName}</arg>
<arg>ignore_case=True</arg>
<doc>Fails if ``container`` does not contain ``item`` one or more times.</doc>
<status status="PASS" starttime="20221118 17:13:12.696" endtime="20221118 17:13:12.699"/>
</kw>
<status status="PASS" starttime="20221118 17:13:12.666" endtime="20221118 17:13:12.700"/>
</iter>
<iter>
<var name="${product}">&lt;selenium.webdriver.remote.webelement.WebElement (session="74166a680ca2d923e376b64bd3804a6d", element="ae28d0ed-3acc-47f5-9fe5-f3cfee6fe9f9")&gt;</var>
<kw name="Get Text" library="SeleniumLibrary">
<var>${product}</var>
<arg>${product}</arg>
<doc>Returns the text value of the element identified by ``locator``.</doc>
<msg timestamp="20221118 17:13:12.736" level="INFO">${product} = Mi Wall Charger for Mobile Phones with Micro USB Cable (Black)</msg>
<status status="PASS" starttime="20221118 17:13:12.702" endtime="20221118 17:13:12.737"/>
</kw>
<kw name="Should Contain" library="BuiltIn">
<arg>${product}</arg>
<arg>${brandName}</arg>
<arg>ignore_case=True</arg>
<doc>Fails if ``container`` does not contain ``item`` one or more times.</doc>
<status status="PASS" starttime="20221118 17:13:12.737" endtime="20221118 17:13:12.738"/>
</kw>
<status status="PASS" starttime="20221118 17:13:12.701" endtime="20221118 17:13:12.739"/>
</iter>
<iter>
<var name="${product}">&lt;selenium.webdriver.remote.webelement.WebElement (session="74166a680ca2d923e376b64bd3804a6d", element="3e290854-0e69-41a4-9917-41a795580ec5")&gt;</var>
<kw name="Get Text" library="SeleniumLibrary">
<var>${product}</var>
<arg>${product}</arg>
<doc>Returns the text value of the element identified by ``locator``.</doc>
<msg timestamp="20221118 17:13:12.759" level="INFO">${product} = MI Xiaomi 22.5W Fast USB Type C Charger Combo for Tablets - White</msg>
<status status="PASS" starttime="20221118 17:13:12.739" endtime="20221118 17:13:12.761"/>
</kw>
<kw name="Should Contain" library="BuiltIn">
<arg>${product}</arg>
<arg>${brandName}</arg>
<arg>ignore_case=True</arg>
<doc>Fails if ``container`` does not contain ``item`` one or more times.</doc>
<status status="PASS" starttime="20221118 17:13:12.761" endtime="20221118 17:13:12.763"/>
</kw>
<status status="PASS" starttime="20221118 17:13:12.739" endtime="20221118 17:13:12.763"/>
</iter>
<iter>
<var name="${product}">&lt;selenium.webdriver.remote.webelement.WebElement (session="74166a680ca2d923e376b64bd3804a6d", element="de49b154-bdff-41a5-a94e-4d1ea4ce7a2b")&gt;</var>
<kw name="Get Text" library="SeleniumLibrary">
<var>${product}</var>
<arg>${product}</arg>
<doc>Returns the text value of the element identified by ``locator``.</doc>
<msg timestamp="20221118 17:13:12.787" level="INFO">${product} = (Renewed) Mi MJSXJ02CM 360 degrees 1080P Home Security Camera (White)</msg>
<status status="PASS" starttime="20221118 17:13:12.765" endtime="20221118 17:13:12.787"/>
</kw>
<kw name="Should Contain" library="BuiltIn">
<arg>${product}</arg>
<arg>${brandName}</arg>
<arg>ignore_case=True</arg>
<doc>Fails if ``container`` does not contain ``item`` one or more times.</doc>
<status status="PASS" starttime="20221118 17:13:12.788" endtime="20221118 17:13:12.789"/>
</kw>
<status status="PASS" starttime="20221118 17:13:12.764" endtime="20221118 17:13:12.789"/>
</iter>
<iter>
<var name="${product}">&lt;selenium.webdriver.remote.webelement.WebElement (session="74166a680ca2d923e376b64bd3804a6d", element="77369d85-5947-421b-bcad-dc50013a68a8")&gt;</var>
<kw name="Get Text" library="SeleniumLibrary">
<var>${product}</var>
<arg>${product}</arg>
<doc>Returns the text value of the element identified by ``locator``.</doc>
<msg timestamp="20221118 17:13:12.811" level="INFO">${product} = MI Original India Standard Adapter for Cellular Phones 9V 2A</msg>
<status status="PASS" starttime="20221118 17:13:12.790" endtime="20221118 17:13:12.813"/>
</kw>
<kw name="Should Contain" library="BuiltIn">
<arg>${product}</arg>
<arg>${brandName}</arg>
<arg>ignore_case=True</arg>
<doc>Fails if ``container`` does not contain ``item`` one or more times.</doc>
<status status="PASS" starttime="20221118 17:13:12.814" endtime="20221118 17:13:12.815"/>
</kw>
<status status="PASS" starttime="20221118 17:13:12.789" endtime="20221118 17:13:12.816"/>
</iter>
<status status="PASS" starttime="20221118 17:13:11.607" endtime="20221118 17:13:12.816"/>
</for>
<status status="PASS" starttime="20221118 17:13:08.932" endtime="20221118 17:13:12.817"/>
</kw>
<status status="PASS" starttime="20221118 17:12:31.611" endtime="20221118 17:13:12.817"/>
</kw>
<kw name="End Web Test" library="Common" type="TEARDOWN">
<kw name="Close All Browsers" library="SeleniumLibrary">
<doc>Closes all open browsers and resets the browser cache.</doc>
<status status="PASS" starttime="20221118 17:13:12.820" endtime="20221118 17:13:15.437"/>
</kw>
<status status="PASS" starttime="20221118 17:13:12.819" endtime="20221118 17:13:15.438"/>
</kw>
<status status="PASS" starttime="20221118 17:12:21.393" endtime="20221118 17:13:15.439"/>
</test>
<doc>This is basic info about whole suite</doc>
<status status="FAIL" starttime="20221118 17:07:15.909" endtime="20221118 17:13:15.446"/>
</suite>
<status status="FAIL" starttime="20221118 17:07:15.902" endtime="20221118 17:13:15.458"/>
</suite>
<status status="FAIL" starttime="20221118 17:07:15.852" endtime="20221118 17:13:15.467"/>
</suite>
<statistics>
<total>
<stat pass="12" fail="4" skip="0">All Tests</stat>
</total>
<tag>
</tag>
<suite>
<stat pass="12" fail="4" skip="0" id="s1" name="Amazon">Amazon</stat>
<stat pass="12" fail="4" skip="0" id="s1-s1" name="Tests">Amazon.Tests</stat>
<stat pass="12" fail="4" skip="0" id="s1-s1-s1" name="Searchresults">Amazon.Tests.Searchresults</stat>
</suite>
</statistics>
<errors>
<msg timestamp="20221118 17:07:16.267" level="WARN">Imported resource file 'C:\Users\osatam\learning\python\Robot framework\robot-scripts\amazon\Resources\PO\CartPage.robot' is empty.</msg>
</errors>
</robot>
